#
# A fatal error has been detected by the Java Runtime Environment:
#
#  SIGSEGV (0xb) at pc=0x00000001335cf04f, pid=2106, tid=48647
#
# JRE version: Java(TM) SE Runtime Environment (8.0_25-b17) (build 1.8.0_25-b17)
# Java VM: Java HotSpot(TM) 64-Bit Server VM (25.25-b02 mixed mode bsd-amd64 compressed oops)
# Problematic frame:
# C  [libawt.dylib+0x3104f]  IntRgbBilinearTransformHelper+0x9d
#
# Failed to write core dump. Core dumps have been disabled. To enable core dumping, try "ulimit -c unlimited" before starting Java again
#
# If you would like to submit a bug report, please visit:
#   http://bugreport.sun.com/bugreport/crash.jsp
# The crash happened outside the Java Virtual Machine in native code.
# See problematic frame for where to report the bug.
#

---------------  T H R E A D  ---------------

Current thread (0x00007f98c92da000):  JavaThread "AWT-EventQueue-0" [_thread_in_native, id=48647, stack(0x000000013892f000,0x0000000138a2f000)]

siginfo: si_signo: 11 (SIGSEGV), si_code: 1 (SEGV_MAPERR), si_addr: 0x00000005e7c633f4

Registers:
RAX=0x0000000000017738, RBX=0x00000000ffffa24a, RCX=0x0000001783958106, RDX=0x00000000ffffa233
RSP=0x0000000138a27d98, RBP=0x0000000138a27dc0, RSI=0x0000000138a27ec0, RDI=0x0000000138a2bfd0
R8 =0x0000000000000000, R9 =0x000057848fdf3ade, R10=0x00000000ff000000, R11=0x0000000000000017
R12=0x0000000000000000, R13=0x0000001803958106, R14=0x0000000000005784, R15=0x00000005e7c63398
RIP=0x00000001335cf04f, EFLAGS=0x0000000000010206, ERR=0x0000000000000004
  TRAPNO=0x000000000000000e

Top of Stack: (sp=0x0000000138a27d98)
0x0000000138a27d98:   0000000000000000 000057850fdf3ade
0x0000000138a27da8:   0000001803958106 0000000000000000
0x0000000138a27db8:   00000000000001f4 0000000138a2c0c0
0x0000000138a27dc8:   00000001335e3806 0000000000000000
0x0000000138a27dd8:   0000000138a2bf38 0000000138a2bfd0
0x0000000138a27de8:   000000013360fac0 0000000138a2bf28
0x0000000138a27df8:   00007f98caab5a70 00007f98cab14bb0
0x0000000138a27e08:   0000001803958106 0000001803958106
0x0000000138a27e18:   00007f98c92da1e8 0000000000000000
0x0000000138a27e28:   00000030072b020c 0000000000000022
0x0000000138a27e38:   00000000000001d2 0000000000000200
0x0000000138a27e48:   00000001fffffdff 00000001000001f4
0x0000000138a27e58:   fffffffffffffe0b 00000000000001d2
0x0000000138a27e68:   0000001803958106 000057850fdf3ade
0x0000000138a27e78:   00000001335cefb2 000000013360fac0
0x0000000138a27e88:   000000072ab2b920 0000000038b81d48
0x0000000138a27e98:   00000030072b020c 0000000000000000
0x0000000138a27ea8:   00000001335e2182 0000000000000000
0x0000000138a27eb8:   000001f4000001f4 ff00ee00ff00ee00
0x0000000138a27ec8:   ff01ee00ff01ee00 ff02ee00ff02ee00
0x0000000138a27ed8:   ff03ee00ff03ee00 ff04ee00ff04ee00
0x0000000138a27ee8:   ff05ee00ff05ee00 ff06ee00ff06ee00
0x0000000138a27ef8:   ff07ee00ff07ee00 ff08ee00ff08ee00
0x0000000138a27f08:   ff09ee00ff09ee00 ff0bee00ff0aee00
0x0000000138a27f18:   ff0cee00ff0bee00 ff0dee00ff0cee00
0x0000000138a27f28:   ff0eee00ff0dee00 ff0fee00ff0eee00
0x0000000138a27f38:   ff10ee00ff0fee00 ff11ee00ff10ee00
0x0000000138a27f48:   ff12ee00ff11ee00 ff13ee00ff12ee00
0x0000000138a27f58:   ff14ee00ff13ee00 ff15ee00ff14ee00
0x0000000138a27f68:   ff16ee00ff15ee00 ff17ee00ff16ee00
0x0000000138a27f78:   ff18ee00ff17ee00 ff19ee00ff18ee00
0x0000000138a27f88:   ff1aee00ff19ee00 ff1bee00ff1aee00 

Instructions: (pc=0x00000001335cf04f)
0x00000001335cf02f:   3f 45 01 fc 44 0f af e0 4d 63 fc 4c 03 7f 10 45
0x00000001335cf03f:   89 dc 41 c1 fc 1f 45 29 e3 44 03 5d d4 4d 63 db
0x00000001335cf04f:   47 8b 2c 9f 45 09 d5 46 89 2c 86 c1 eb 1f 44 01
0x00000001335cf05f:   e3 44 01 db 48 63 db 45 8b 24 9f 45 09 d4 46 89 

Register to memory mapping:

RAX=0x0000000000017738 is an unknown value
RBX=0x00000000ffffa24a is an unknown value
RCX=0x0000001783958106 is an unknown value
RDX=0x00000000ffffa233 is an unknown value
RSP=0x0000000138a27d98 is pointing into the stack for thread: 0x00007f98c92da000
RBP=0x0000000138a27dc0 is pointing into the stack for thread: 0x00007f98c92da000
RSI=0x0000000138a27ec0 is pointing into the stack for thread: 0x00007f98c92da000
RDI=0x0000000138a2bfd0 is pointing into the stack for thread: 0x00007f98c92da000
R8 =0x0000000000000000 is an unknown value
R9 =0x000057848fdf3ade is an unknown value
R10=0x00000000ff000000 is an unknown value
R11=0x0000000000000017 is an unknown value
R12=0x0000000000000000 is an unknown value
R13=0x0000001803958106 is an unknown value
R14=0x0000000000005784 is an unknown value
R15=0x00000005e7c63398 is an unknown value


Stack: [0x000000013892f000,0x0000000138a2f000],  sp=0x0000000138a27d98,  free space=995k
Native frames: (J=compiled Java code, j=interpreted, Vv=VM code, C=native code)
C  [libawt.dylib+0x3104f]  IntRgbBilinearTransformHelper+0x9d
C  [libawt.dylib+0x45806]  Java_sun_java2d_loops_TransformHelper_Transform+0xd2b
j  sun.java2d.loops.TransformHelper.Transform(Lsun/java2d/loops/MaskBlit;Lsun/java2d/SurfaceData;Lsun/java2d/SurfaceData;Ljava/awt/Composite;Lsun/java2d/pipe/Region;Ljava/awt/geom/AffineTransform;IIIIIIIII[III)V+0
j  sun.java2d.pipe.DrawImage.renderImageXform(Lsun/java2d/SunGraphics2D;Ljava/awt/Image;Ljava/awt/geom/AffineTransform;IIIIILjava/awt/Color;)V+624
j  sun.java2d.opengl.OGLDrawImage.renderImageXform(Lsun/java2d/SunGraphics2D;Ljava/awt/Image;Ljava/awt/geom/AffineTransform;IIIIILjava/awt/Color;)V+155
j  sun.java2d.pipe.DrawImage.transformImage(Lsun/java2d/SunGraphics2D;Ljava/awt/Image;Ljava/awt/geom/AffineTransform;IIIIILjava/awt/Color;)V+120
j  sun.java2d.pipe.DrawImage.scaleImage(Lsun/java2d/SunGraphics2D;Ljava/awt/Image;IIIIIIIILjava/awt/Color;)Z+467
j  sun.java2d.pipe.DrawImage.scaleImage(Lsun/java2d/SunGraphics2D;Ljava/awt/Image;IIIIIIIILjava/awt/Color;Ljava/awt/image/ImageObserver;)Z+27
j  sun.java2d.pipe.ValidatePipe.scaleImage(Lsun/java2d/SunGraphics2D;Ljava/awt/Image;IIIIIIIILjava/awt/Color;Ljava/awt/image/ImageObserver;)Z+33
j  sun.java2d.SunGraphics2D.drawImage(Ljava/awt/Image;IIIIIIIILjava/awt/Color;Ljava/awt/image/ImageObserver;)Z+214
j  sun.java2d.SunGraphics2D.drawImage(Ljava/awt/Image;IIIIIIIILjava/awt/image/ImageObserver;)Z+19
j  ij.gui.ImageCanvas.paint(Ljava/awt/Graphics;)V+224
j  sun.awt.RepaintArea.paintComponent(Ljava/awt/Component;Ljava/awt/Graphics;)V+6
j  sun.lwawt.LWRepaintArea.paintComponent(Ljava/awt/Component;Ljava/awt/Graphics;)V+29
j  sun.awt.RepaintArea.paint(Ljava/lang/Object;Z)V+326
J 880 C1 sun.lwawt.LWComponentPeer.handleEvent(Ljava/awt/AWTEvent;)V (104 bytes) @ 0x0000000110826b9c [0x00000001108264e0+0x6bc]
J 826 C1 java.awt.Component.dispatchEventImpl(Ljava/awt/AWTEvent;)V (883 bytes) @ 0x00000001107e1f84 [0x00000001107daa40+0x7544]
J 856 C1 java.awt.EventQueue.dispatchEventImpl(Ljava/awt/AWTEvent;Ljava/lang/Object;)V (149 bytes) @ 0x000000011081a0cc [0x0000000110818980+0x174c]
J 854 C1 java.awt.EventQueue$3.run()Ljava/lang/Void; (60 bytes) @ 0x0000000110817d94 [0x0000000110817b80+0x214]
J 715 C1 java.awt.EventQueue$3.run()Ljava/lang/Object; (5 bytes) @ 0x000000011079d40c [0x000000011079d380+0x8c]
v  ~StubRoutines::call_stub
V  [libjvm.dylib+0x2d4516]  JavaCalls::call_helper(JavaValue*, methodHandle*, JavaCallArguments*, Thread*)+0x6ae
V  [libjvm.dylib+0x32aeb2]  JVM_DoPrivileged+0x4b8
J 594  java.security.AccessController.doPrivileged(Ljava/security/PrivilegedAction;Ljava/security/AccessControlContext;)Ljava/lang/Object; (0 bytes) @ 0x000000011076c6d5 [0x000000011076c600+0xd5]
J 652 C1 java.security.ProtectionDomain$1.doIntersectionPrivilege(Ljava/security/PrivilegedAction;Ljava/security/AccessControlContext;Ljava/security/AccessControlContext;)Ljava/lang/Object; (32 bytes) @ 0x0000000110785704 [0x0000000110785400+0x304]
J 752 C1 java.awt.EventQueue$4.run()Ljava/lang/Object; (5 bytes) @ 0x00000001107b591c [0x00000001107b5520+0x3fc]
v  ~StubRoutines::call_stub
V  [libjvm.dylib+0x2d4516]  JavaCalls::call_helper(JavaValue*, methodHandle*, JavaCallArguments*, Thread*)+0x6ae
V  [libjvm.dylib+0x32aeb2]  JVM_DoPrivileged+0x4b8
J 594  java.security.AccessController.doPrivileged(Ljava/security/PrivilegedAction;Ljava/security/AccessControlContext;)Ljava/lang/Object; (0 bytes) @ 0x000000011076c6d5 [0x000000011076c600+0xd5]
J 714 C1 java.awt.EventQueue.dispatchEvent(Ljava/awt/AWTEvent;)V (80 bytes) @ 0x000000011079c58c [0x000000011079b8a0+0xcec]
J 724 C1 java.awt.EventDispatchThread.pumpOneEventForFilters(I)V (295 bytes) @ 0x00000001107a3f6c [0x00000001107a2400+0x1b6c]
j  java.awt.EventDispatchThread.pumpEventsForFilter(ILjava/awt/Conditional;Ljava/awt/EventFilter;)V+35
j  java.awt.EventDispatchThread.pumpEventsForHierarchy(ILjava/awt/Conditional;Ljava/awt/Component;)V+11
j  java.awt.EventDispatchThread.pumpEvents(ILjava/awt/Conditional;)V+4
j  java.awt.EventDispatchThread.pumpEvents(Ljava/awt/Conditional;)V+3
j  java.awt.EventDispatchThread.run()V+9
v  ~StubRoutines::call_stub
V  [libjvm.dylib+0x2d4516]  JavaCalls::call_helper(JavaValue*, methodHandle*, JavaCallArguments*, Thread*)+0x6ae
V  [libjvm.dylib+0x2d4ca4]  JavaCalls::call_virtual(JavaValue*, KlassHandle, Symbol*, Symbol*, JavaCallArguments*, Thread*)+0x164
V  [libjvm.dylib+0x2d4e50]  JavaCalls::call_virtual(JavaValue*, Handle, KlassHandle, Symbol*, Symbol*, Thread*)+0x4a
V  [libjvm.dylib+0x32583f]  thread_entry(JavaThread*, Thread*)+0x7c
V  [libjvm.dylib+0x535ed9]  JavaThread::thread_main_inner()+0x9b
V  [libjvm.dylib+0x53761c]  JavaThread::run()+0x1c2
V  [libjvm.dylib+0x45d87e]  java_start(Thread*)+0xf6
C  [libsystem_pthread.dylib+0x3268]  _pthread_body+0x83
C  [libsystem_pthread.dylib+0x31e5]  _pthread_body+0x0
C  [libsystem_pthread.dylib+0x141d]  thread_start+0xd
C  0x0000000000000000

Java frames: (J=compiled Java code, j=interpreted, Vv=VM code)
j  sun.java2d.loops.TransformHelper.Transform(Lsun/java2d/loops/MaskBlit;Lsun/java2d/SurfaceData;Lsun/java2d/SurfaceData;Ljava/awt/Composite;Lsun/java2d/pipe/Region;Ljava/awt/geom/AffineTransform;IIIIIIIII[III)V+0
j  sun.java2d.pipe.DrawImage.renderImageXform(Lsun/java2d/SunGraphics2D;Ljava/awt/Image;Ljava/awt/geom/AffineTransform;IIIIILjava/awt/Color;)V+624
j  sun.java2d.opengl.OGLDrawImage.renderImageXform(Lsun/java2d/SunGraphics2D;Ljava/awt/Image;Ljava/awt/geom/AffineTransform;IIIIILjava/awt/Color;)V+155
j  sun.java2d.pipe.DrawImage.transformImage(Lsun/java2d/SunGraphics2D;Ljava/awt/Image;Ljava/awt/geom/AffineTransform;IIIIILjava/awt/Color;)V+120
j  sun.java2d.pipe.DrawImage.scaleImage(Lsun/java2d/SunGraphics2D;Ljava/awt/Image;IIIIIIIILjava/awt/Color;)Z+467
j  sun.java2d.pipe.DrawImage.scaleImage(Lsun/java2d/SunGraphics2D;Ljava/awt/Image;IIIIIIIILjava/awt/Color;Ljava/awt/image/ImageObserver;)Z+27
j  sun.java2d.pipe.ValidatePipe.scaleImage(Lsun/java2d/SunGraphics2D;Ljava/awt/Image;IIIIIIIILjava/awt/Color;Ljava/awt/image/ImageObserver;)Z+33
j  sun.java2d.SunGraphics2D.drawImage(Ljava/awt/Image;IIIIIIIILjava/awt/Color;Ljava/awt/image/ImageObserver;)Z+214
j  sun.java2d.SunGraphics2D.drawImage(Ljava/awt/Image;IIIIIIIILjava/awt/image/ImageObserver;)Z+19
j  ij.gui.ImageCanvas.paint(Ljava/awt/Graphics;)V+224
j  sun.awt.RepaintArea.paintComponent(Ljava/awt/Component;Ljava/awt/Graphics;)V+6
j  sun.lwawt.LWRepaintArea.paintComponent(Ljava/awt/Component;Ljava/awt/Graphics;)V+29
j  sun.awt.RepaintArea.paint(Ljava/lang/Object;Z)V+326
J 880 C1 sun.lwawt.LWComponentPeer.handleEvent(Ljava/awt/AWTEvent;)V (104 bytes) @ 0x0000000110826b9c [0x00000001108264e0+0x6bc]
J 826 C1 java.awt.Component.dispatchEventImpl(Ljava/awt/AWTEvent;)V (883 bytes) @ 0x00000001107e1f84 [0x00000001107daa40+0x7544]
J 856 C1 java.awt.EventQueue.dispatchEventImpl(Ljava/awt/AWTEvent;Ljava/lang/Object;)V (149 bytes) @ 0x000000011081a0cc [0x0000000110818980+0x174c]
J 854 C1 java.awt.EventQueue$3.run()Ljava/lang/Void; (60 bytes) @ 0x0000000110817d94 [0x0000000110817b80+0x214]
J 715 C1 java.awt.EventQueue$3.run()Ljava/lang/Object; (5 bytes) @ 0x000000011079d40c [0x000000011079d380+0x8c]
v  ~StubRoutines::call_stub
J 594  java.security.AccessController.doPrivileged(Ljava/security/PrivilegedAction;Ljava/security/AccessControlContext;)Ljava/lang/Object; (0 bytes) @ 0x000000011076c663 [0x000000011076c600+0x63]
J 652 C1 java.security.ProtectionDomain$1.doIntersectionPrivilege(Ljava/security/PrivilegedAction;Ljava/security/AccessControlContext;Ljava/security/AccessControlContext;)Ljava/lang/Object; (32 bytes) @ 0x0000000110785704 [0x0000000110785400+0x304]
J 752 C1 java.awt.EventQueue$4.run()Ljava/lang/Object; (5 bytes) @ 0x00000001107b591c [0x00000001107b5520+0x3fc]
v  ~StubRoutines::call_stub
J 594  java.security.AccessController.doPrivileged(Ljava/security/PrivilegedAction;Ljava/security/AccessControlContext;)Ljava/lang/Object; (0 bytes) @ 0x000000011076c663 [0x000000011076c600+0x63]
J 714 C1 java.awt.EventQueue.dispatchEvent(Ljava/awt/AWTEvent;)V (80 bytes) @ 0x000000011079c58c [0x000000011079b8a0+0xcec]
J 724 C1 java.awt.EventDispatchThread.pumpOneEventForFilters(I)V (295 bytes) @ 0x00000001107a3f6c [0x00000001107a2400+0x1b6c]
j  java.awt.EventDispatchThread.pumpEventsForFilter(ILjava/awt/Conditional;Ljava/awt/EventFilter;)V+35
j  java.awt.EventDispatchThread.pumpEventsForHierarchy(ILjava/awt/Conditional;Ljava/awt/Component;)V+11
j  java.awt.EventDispatchThread.pumpEvents(ILjava/awt/Conditional;)V+4
j  java.awt.EventDispatchThread.pumpEvents(Ljava/awt/Conditional;)V+3
j  java.awt.EventDispatchThread.run()V+9
v  ~StubRoutines::call_stub

---------------  P R O C E S S  ---------------

Java Threads: ( => current thread )
  0x00007f98c8caa000 JavaThread "zSelector" [_thread_blocked, id=54583, stack(0x0000000146fe2000,0x00000001470e2000)]
  0x00007f98c8d61000 JavaThread "Monitor Memory..." [_thread_blocked, id=24011, stack(0x00000001440e0000,0x00000001441e0000)]
  0x00007f98c8838000 JavaThread "Run$_Macro$" [_thread_blocked, id=32859, stack(0x0000000143fdd000,0x00000001440dd000)]
  0x00007f98c8c78000 JavaThread "TimerQueue" daemon [_thread_blocked, id=21551, stack(0x000000013ddfa000,0x000000013defa000)]
  0x00007f98c9001000 JavaThread "DestroyJavaVM" [_thread_blocked, id=4103, stack(0x000000010f043000,0x000000010f143000)]
=>0x00007f98c92da000 JavaThread "AWT-EventQueue-0" [_thread_in_native, id=48647, stack(0x000000013892f000,0x0000000138a2f000)]
  0x00007f98c9252000 JavaThread "Java2D Disposer" daemon [_thread_blocked, id=47627, stack(0x0000000138792000,0x0000000138892000)]
  0x00007f98c9167000 JavaThread "Java2D Queue Flusher" daemon [_thread_blocked, id=46343, stack(0x00000001378e8000,0x00000001379e8000)]
  0x00007f98c9108800 JavaThread "AWT-Shutdown" [_thread_blocked, id=27399, stack(0x0000000134f87000,0x0000000135087000)]
  0x00007f98c8940000 JavaThread "AppKit Thread" daemon [_thread_in_native, id=8471, stack(0x00007fff50505000,0x00007fff50d05000)]
  0x00007f98c887c800 JavaThread "Service Thread" daemon [_thread_blocked, id=16643, stack(0x0000000133323000,0x0000000133423000)]
  0x00007f98c8871800 JavaThread "C1 CompilerThread1" daemon [_thread_blocked, id=16131, stack(0x0000000133220000,0x0000000133320000)]
  0x00007f98c904a800 JavaThread "C2 CompilerThread0" daemon [_thread_blocked, id=15619, stack(0x000000013311d000,0x000000013321d000)]
  0x00007f98c9049800 JavaThread "Signal Dispatcher" daemon [_thread_blocked, id=12307, stack(0x000000013301a000,0x000000013311a000)]
  0x00007f98c8810800 JavaThread "Finalizer" daemon [_thread_blocked, id=10499, stack(0x00000001316d4000,0x00000001317d4000)]
  0x00007f98c902a000 JavaThread "Reference Handler" daemon [_thread_blocked, id=9987, stack(0x00000001315d1000,0x00000001316d1000)]

Other Threads:
  0x00007f98c9025000 VMThread [stack: 0x00000001314ce000,0x00000001315ce000] [id=9475]
  0x00007f98c884e800 WatcherThread [stack: 0x0000000133426000,0x0000000133526000] [id=17155]

VM state:not at safepoint (normal execution)

VM Mutex/Monitor currently owned by a thread: None

Heap:
 PSYoungGen      total 38400K, used 4099K [0x000000072ab00000, 0x000000072d580000, 0x00000007c0000000)
  eden space 33280K, 12% used [0x000000072ab00000,0x000000072aef8c20,0x000000072cb80000)
  from space 5120K, 0% used [0x000000072d080000,0x000000072d088000,0x000000072d580000)
  to   space 5120K, 0% used [0x000000072cb80000,0x000000072cb80000,0x000000072d080000)
 ParOldGen       total 4029952K, used 3948414K [0x0000000600000000, 0x00000006f5f80000, 0x000000072ab00000)
  object space 4029952K, 97% used [0x0000000600000000,0x00000006f0fdf9c8,0x00000006f5f80000)
 Metaspace       used 14138K, capacity 14304K, committed 14592K, reserved 1062912K
  class space    used 1658K, capacity 1704K, committed 1792K, reserved 1048576K

Card table byte_map: [0x000000011f8dc000,0x00000001206dd000] byte_map_base: 0x000000011c8dc000

Marking Bits: (ParMarkBitMap*) 0x000000010fe9d390
 Begin Bits: [0x0000000121239000, 0x0000000128239000)
 End Bits:   [0x0000000128239000, 0x000000012f239000)

Polling page: 0x000000010f187000

CodeCache: size=245760Kb used=4380Kb max_used=4387Kb free=241379Kb
 bounds [0x000000011051c000, 0x000000011096c000, 0x000000011f51c000]
 total_blobs=1836 nmethods=1299 adapters=452
 compilation: enabled

Compilation events (10 events):
Event: 71.581 Thread 0x00007f98c8871800 1336       3       sun.lwawt.macosx.CMenuItem::createModel (27 bytes)
Event: 71.582 Thread 0x00007f98c8871800 nmethod 1336 0x0000000110966710 code [0x0000000110966940, 0x0000000110967728]
Event: 71.604 Thread 0x00007f98c904a800 1337   !   4       sun.awt.AWTAutoShutdown::notifyPeerMapUpdated (76 bytes)
Event: 71.610 Thread 0x00007f98c904a800 nmethod 1337 0x000000011063e410 code [0x000000011063e580, 0x000000011063ed08]
Event: 71.614 Thread 0x00007f98c904a800 1338       4       sun.lwawt.macosx.CMenuItem::isSeparator (30 bytes)
Event: 71.615 Thread 0x00007f98c904a800 nmethod 1338 0x0000000110628050 code [0x00000001106281a0, 0x00000001106282d8]
Event: 71.665 Thread 0x00007f98c8871800 1339       3       java.lang.String::regionMatches (149 bytes)
Event: 71.666 Thread 0x00007f98c8871800 nmethod 1339 0x0000000110968250 code [0x00000001109684c0, 0x0000000110969178]
Event: 73.303 Thread 0x00007f98c8871800 1340       3       java.awt.Container::eventEnabled (49 bytes)
Event: 73.303 Thread 0x00007f98c8871800 nmethod 1340 0x0000000110646f90 code [0x0000000110647120, 0x0000000110647548]

GC Heap History (6 events):
Event: 47.705 GC heap before
{Heap before GC invocations=1 (full 0):
 PSYoungGen      total 38400K, used 27394K [0x000000072ab00000, 0x000000072d580000, 0x00000007c0000000)
  eden space 33280K, 82% used [0x000000072ab00000,0x000000072c5c0a80,0x000000072cb80000)
  from space 5120K, 0% used [0x000000072d080000,0x000000072d080000,0x000000072d580000)
  to   space 5120K, 0% used [0x000000072cb80000,0x000000072cb80000,0x000000072d080000)
 ParOldGen       total 1777152K, used 1689469K [0x0000000600000000, 0x000000066c780000, 0x000000072ab00000)
  object space 1777152K, 95% used [0x0000000600000000,0x00000006671df588,0x000000066c780000)
 Metaspace       used 13870K, capacity 14018K, committed 14336K, reserved 1062912K
  class space    used 1620K, capacity 1673K, committed 1792K, reserved 1048576K
Event: 47.731 GC heap after
Heap after GC invocations=1 (full 0):
 PSYoungGen      total 38400K, used 5110K [0x000000072ab00000, 0x000000072d580000, 0x00000007c0000000)
  eden space 33280K, 0% used [0x000000072ab00000,0x000000072ab00000,0x000000072cb80000)
  from space 5120K, 99% used [0x000000072cb80000,0x000000072d07d888,0x000000072d080000)
  to   space 5120K, 0% used [0x000000072d080000,0x000000072d080000,0x000000072d580000)
 ParOldGen       total 1777152K, used 1690841K [0x0000000600000000, 0x000000066c780000, 0x000000072ab00000)
  object space 1777152K, 95% used [0x0000000600000000,0x0000000667336558,0x000000066c780000)
 Metaspace       used 13870K, capacity 14018K, committed 14336K, reserved 1062912K
  class space    used 1620K, capacity 1673K, committed 1792K, reserved 1048576K
}
Event: 47.731 GC heap before
{Heap before GC invocations=2 (full 1):
 PSYoungGen      total 38400K, used 5110K [0x000000072ab00000, 0x000000072d580000, 0x00000007c0000000)
  eden space 33280K, 0% used [0x000000072ab00000,0x000000072ab00000,0x000000072cb80000)
  from space 5120K, 99% used [0x000000072cb80000,0x000000072d07d888,0x000000072d080000)
  to   space 5120K, 0% used [0x000000072d080000,0x000000072d080000,0x000000072d580000)
 ParOldGen       total 1777152K, used 1690841K [0x0000000600000000, 0x000000066c780000, 0x000000072ab00000)
  object space 1777152K, 95% used [0x0000000600000000,0x0000000667336558,0x000000066c780000)
 Metaspace       used 13870K, capacity 14018K, committed 14336K, reserved 1062912K
  class space    used 1620K, capacity 1673K, committed 1792K, reserved 1048576K
Event: 47.847 GC heap after
Heap after GC invocations=2 (full 1):
 PSYoungGen      total 38400K, used 0K [0x000000072ab00000, 0x000000072d580000, 0x00000007c0000000)
  eden space 33280K, 0% used [0x000000072ab00000,0x000000072ab00000,0x000000072cb80000)
  from space 5120K, 0% used [0x000000072cb80000,0x000000072cb80000,0x000000072d080000)
  to   space 5120K, 0% used [0x000000072d080000,0x000000072d080000,0x000000072d580000)
 ParOldGen       total 1777152K, used 1695780K [0x0000000600000000, 0x000000066c780000, 0x000000072ab00000)
  object space 1777152K, 95% used [0x0000000600000000,0x00000006678092a8,0x000000066c780000)
 Metaspace       used 13868K, capacity 14016K, committed 14336K, reserved 1062912K
  class space    used 1619K, capacity 1672K, committed 1792K, reserved 1048576K
}
Event: 53.640 GC heap before
{Heap before GC invocations=3 (full 1):
 PSYoungGen      total 38400K, used 2779K [0x000000072ab00000, 0x000000072d580000, 0x00000007c0000000)
  eden space 33280K, 8% used [0x000000072ab00000,0x000000072adb6db8,0x000000072cb80000)
  from space 5120K, 0% used [0x000000072cb80000,0x000000072cb80000,0x000000072d080000)
  to   space 5120K, 0% used [0x000000072d080000,0x000000072d080000,0x000000072d580000)
 ParOldGen       total 1777152K, used 1695780K [0x0000000600000000, 0x000000066c780000, 0x000000072ab00000)
  object space 1777152K, 95% used [0x0000000600000000,0x00000006678092a8,0x000000066c780000)
 Metaspace       used 13921K, capacity 14080K, committed 14336K, reserved 1062912K
  class space    used 1619K, capacity 1672K, committed 1792K, reserved 1048576K
Event: 53.655 GC heap after
Heap after GC invocations=3 (full 1):
 PSYoungGen      total 38400K, used 32K [0x000000072ab00000, 0x000000072d580000, 0x00000007c0000000)
  eden space 33280K, 0% used [0x000000072ab00000,0x000000072ab00000,0x000000072cb80000)
  from space 5120K, 0% used [0x000000072d080000,0x000000072d088000,0x000000072d580000)
  to   space 5120K, 0% used [0x000000072cb80000,0x000000072cb80000,0x000000072d080000)
 ParOldGen       total 1777152K, used 1695788K [0x0000000600000000, 0x000000066c780000, 0x000000072ab00000)
  object space 1777152K, 95% used [0x0000000600000000,0x000000066780b2a8,0x000000066c780000)
 Metaspace       used 13921K, capacity 14080K, committed 14336K, reserved 1062912K
  class space    used 1619K, capacity 1672K, committed 1792K, reserved 1048576K
}

Deoptimization events (5 events):
Event: 14.063 Thread 0x00007f98c92fc800 Uncommon trap: reason=class_check action=maybe_recompile pc=0x00000001106d9704 method=java.lang.String.equals(Ljava/lang/Object;)Z @ 8
Event: 14.063 Thread 0x00007f98c92fc800 Uncommon trap: reason=class_check action=maybe_recompile pc=0x00000001106d9704 method=java.lang.String.equals(Ljava/lang/Object;)Z @ 8
Event: 14.063 Thread 0x00007f98c92fc800 Uncommon trap: reason=class_check action=maybe_recompile pc=0x00000001106d9704 method=java.lang.String.equals(Ljava/lang/Object;)Z @ 8
Event: 14.063 Thread 0x00007f98c92fc800 Uncommon trap: reason=class_check action=maybe_recompile pc=0x00000001106d9704 method=java.lang.String.equals(Ljava/lang/Object;)Z @ 8
Event: 39.479 Thread 0x00007f98c8838000 Uncommon trap: reason=unloaded action=reinterpret pc=0x000000011089d05c method=ij.gui.NewImage.createByteImage(Ljava/lang/String;IIII)Lij/ImagePlus; @ 205

Internal exceptions (10 events):
Event: 47.853 Thread 0x00007f98c8810800 Exception <a 'java/lang/NullPointerException'> (0x000000072acbd900) thrown at [/HUDSON3/workspace/8-2-build-macosx-x86_64/jdk8u25/1514/hotspot/src/share/vm/interpreter/linkResolver.cpp, line 1178]
Event: 47.853 Thread 0x00007f98c8810800 Exception <a 'java/lang/NullPointerException'> (0x000000072acbdab0) thrown at [/HUDSON3/workspace/8-2-build-macosx-x86_64/jdk8u25/1514/hotspot/src/share/vm/interpreter/linkResolver.cpp, line 1178]
Event: 47.853 Thread 0x00007f98c8810800 Exception <a 'java/lang/NullPointerException'> (0x000000072acbdc60) thrown at [/HUDSON3/workspace/8-2-build-macosx-x86_64/jdk8u25/1514/hotspot/src/share/vm/interpreter/linkResolver.cpp, line 1178]
Event: 63.737 Thread 0x00007f98c8838000 Exception <a 'java/security/PrivilegedActionException'> (0x000000072ac6cf50) thrown at [/HUDSON3/workspace/8-2-build-macosx-x86_64/jdk8u25/1514/hotspot/src/share/vm/prims/jvm.cpp, line 1312]
Event: 63.740 Thread 0x00007f98c8838000 Exception <a 'java/security/PrivilegedActionException'> (0x000000072ac7a2a0) thrown at [/HUDSON3/workspace/8-2-build-macosx-x86_64/jdk8u25/1514/hotspot/src/share/vm/prims/jvm.cpp, line 1312]
Event: 63.744 Thread 0x00007f98c8838000 Exception <a 'java/security/PrivilegedActionException'> (0x000000072ac9ace0) thrown at [/HUDSON3/workspace/8-2-build-macosx-x86_64/jdk8u25/1514/hotspot/src/share/vm/prims/jvm.cpp, line 1312]
Event: 63.750 Thread 0x00007f98c8838000 Exception <a 'java/security/PrivilegedActionException'> (0x000000072ac9e3b8) thrown at [/HUDSON3/workspace/8-2-build-macosx-x86_64/jdk8u25/1514/hotspot/src/share/vm/prims/jvm.cpp, line 1312]
Event: 71.491 Thread 0x00007f98c8838000 Exception <a 'java/security/PrivilegedActionException'> (0x000000072acbeca0) thrown at [/HUDSON3/workspace/8-2-build-macosx-x86_64/jdk8u25/1514/hotspot/src/share/vm/prims/jvm.cpp, line 1312]
Event: 71.661 Thread 0x00007f98c92da000 Exception <a 'java/security/PrivilegedActionException'> (0x000000072ab187a8) thrown at [/HUDSON3/workspace/8-2-build-macosx-x86_64/jdk8u25/1514/hotspot/src/share/vm/prims/jvm.cpp, line 1312]
Event: 71.662 Thread 0x00007f98c92da000 Exception <a 'java/security/PrivilegedActionException'> (0x000000072ab22048) thrown at [/HUDSON3/workspace/8-2-build-macosx-x86_64/jdk8u25/1514/hotspot/src/share/vm/prims/jvm.cpp, line 1312]

Events (10 events):
Event: 76.352 Executing VM operation: RevokeBias
Event: 76.352 Executing VM operation: RevokeBias done
Event: 76.352 Executing VM operation: RevokeBias
Event: 76.352 Executing VM operation: RevokeBias done
Event: 76.353 Executing VM operation: RevokeBias
Event: 76.353 Executing VM operation: RevokeBias done
Event: 76.353 Executing VM operation: RevokeBias
Event: 76.353 Executing VM operation: RevokeBias done
Event: 76.353 Executing VM operation: RevokeBias
Event: 76.353 Executing VM operation: RevokeBias done


Dynamic libraries:
0x000000000b5be000 	/System/Library/Frameworks/Cocoa.framework/Versions/A/Cocoa
0x000000000b5be000 	/System/Library/Frameworks/Security.framework/Versions/A/Security
0x000000000b5be000 	/System/Library/Frameworks/ApplicationServices.framework/Versions/A/ApplicationServices
0x000000000b5be000 	/usr/lib/libz.1.dylib
0x000000000b5be000 	/usr/lib/libSystem.B.dylib
0x000000000b5be000 	/usr/lib/libobjc.A.dylib
0x000000000b5be000 	/System/Library/Frameworks/CoreFoundation.framework/Versions/A/CoreFoundation
0x000000000b5be000 	/System/Library/Frameworks/Foundation.framework/Versions/C/Foundation
0x000000000b5be000 	/System/Library/Frameworks/AppKit.framework/Versions/C/AppKit
0x000000000b5be000 	/System/Library/Frameworks/CoreData.framework/Versions/A/CoreData
0x000000000b5be000 	/System/Library/PrivateFrameworks/RemoteViewServices.framework/Versions/A/RemoteViewServices
0x000000000b5be000 	/System/Library/PrivateFrameworks/UIFoundation.framework/Versions/A/UIFoundation
0x000000000b5be000 	/System/Library/Frameworks/IOSurface.framework/Versions/A/IOSurface
0x000000000b5be000 	/System/Library/Frameworks/AudioToolbox.framework/Versions/A/AudioToolbox
0x000000000b5be000 	/System/Library/Frameworks/AudioUnit.framework/Versions/A/AudioUnit
0x000000000b5be000 	/System/Library/PrivateFrameworks/DataDetectorsCore.framework/Versions/A/DataDetectorsCore
0x000000000b5be000 	/System/Library/PrivateFrameworks/DesktopServicesPriv.framework/Versions/A/DesktopServicesPriv
0x000000000b5be000 	/System/Library/Frameworks/Carbon.framework/Versions/A/Frameworks/HIToolbox.framework/Versions/A/HIToolbox
0x000000000b5be000 	/System/Library/Frameworks/QuartzCore.framework/Versions/A/QuartzCore
0x000000000b5be000 	/System/Library/Frameworks/Carbon.framework/Versions/A/Frameworks/SpeechRecognition.framework/Versions/A/SpeechRecognition
0x000000000b5be000 	/usr/lib/libauto.dylib
0x000000000b5be000 	/usr/lib/libicucore.A.dylib
0x000000000b5be000 	/usr/lib/libxml2.2.dylib
0x000000000b5be000 	/System/Library/PrivateFrameworks/CoreUI.framework/Versions/A/CoreUI
0x000000000b5be000 	/System/Library/Frameworks/CoreAudio.framework/Versions/A/CoreAudio
0x000000000b5be000 	/System/Library/Frameworks/DiskArbitration.framework/Versions/A/DiskArbitration
0x000000000b5be000 	/usr/lib/liblangid.dylib
0x000000000b5be000 	/System/Library/PrivateFrameworks/MultitouchSupport.framework/Versions/A/MultitouchSupport
0x000000000b5be000 	/System/Library/Frameworks/IOKit.framework/Versions/A/IOKit
0x000000000b5be000 	/usr/lib/libDiagnosticMessagesClient.dylib
0x000000000b5be000 	/System/Library/Frameworks/CoreServices.framework/Versions/A/CoreServices
0x000000000b5be000 	/System/Library/PrivateFrameworks/PerformanceAnalysis.framework/Versions/A/PerformanceAnalysis
0x000000000b5be000 	/System/Library/PrivateFrameworks/GenerationalStorage.framework/Versions/A/GenerationalStorage
0x000000000b5be000 	/System/Library/Frameworks/OpenGL.framework/Versions/A/OpenGL
0x000000000b5be000 	/System/Library/PrivateFrameworks/Sharing.framework/Versions/A/Sharing
0x000000000b5be000 	/System/Library/Frameworks/CoreGraphics.framework/Versions/A/CoreGraphics
0x000000000b5be000 	/System/Library/Frameworks/CoreText.framework/Versions/A/CoreText
0x000000000b5be000 	/System/Library/Frameworks/ImageIO.framework/Versions/A/ImageIO
0x000000000b5be000 	/usr/lib/libextension.dylib
0x000000000b5be000 	/System/Library/PrivateFrameworks/Backup.framework/Versions/A/Backup
0x000000000b5be000 	/usr/lib/libarchive.2.dylib
0x000000000b5be000 	/System/Library/Frameworks/CFNetwork.framework/Versions/A/CFNetwork
0x000000000b5be000 	/System/Library/Frameworks/SystemConfiguration.framework/Versions/A/SystemConfiguration
0x000000000b5be000 	/usr/lib/libCRFSuite.dylib
0x000000000b5be000 	/usr/lib/libc++.1.dylib
0x000000000b5be000 	/usr/lib/libc++abi.dylib
0x000000000b5be000 	/usr/lib/system/libcache.dylib
0x000000000b5be000 	/usr/lib/system/libcommonCrypto.dylib
0x000000000b5be000 	/usr/lib/system/libcompiler_rt.dylib
0x000000000b5be000 	/usr/lib/system/libcopyfile.dylib
0x000000000b5be000 	/usr/lib/system/libcorecrypto.dylib
0x000000000b5be000 	/usr/lib/system/libdispatch.dylib
0x000000000b5be000 	/usr/lib/system/libdyld.dylib
0x000000000b5be000 	/usr/lib/system/libkeymgr.dylib
0x000000000b5be000 	/usr/lib/system/liblaunch.dylib
0x000000000b5be000 	/usr/lib/system/libmacho.dylib
0x000000000b5be000 	/usr/lib/system/libquarantine.dylib
0x000000000b5be000 	/usr/lib/system/libremovefile.dylib
0x000000000b5be000 	/usr/lib/system/libsystem_asl.dylib
0x000000000b5be000 	/usr/lib/system/libsystem_blocks.dylib
0x000000000b5be000 	/usr/lib/system/libsystem_c.dylib
0x000000000b5be000 	/usr/lib/system/libsystem_configuration.dylib
0x000000000b5be000 	/usr/lib/system/libsystem_coreservices.dylib
0x000000000b5be000 	/usr/lib/system/libsystem_coretls.dylib
0x000000000b5be000 	/usr/lib/system/libsystem_dnssd.dylib
0x000000000b5be000 	/usr/lib/system/libsystem_info.dylib
0x000000000b5be000 	/usr/lib/system/libsystem_kernel.dylib
0x000000000b5be000 	/usr/lib/system/libsystem_m.dylib
0x000000000b5be000 	/usr/lib/system/libsystem_malloc.dylib
0x000000000b5be000 	/usr/lib/system/libsystem_network.dylib
0x000000000b5be000 	/usr/lib/system/libsystem_networkextension.dylib
0x000000000b5be000 	/usr/lib/system/libsystem_notify.dylib
0x000000000b5be000 	/usr/lib/system/libsystem_platform.dylib
0x000000000b5be000 	/usr/lib/system/libsystem_pthread.dylib
0x000000000b5be000 	/usr/lib/system/libsystem_sandbox.dylib
0x000000000b5be000 	/usr/lib/system/libsystem_secinit.dylib
0x000000000b5be000 	/usr/lib/system/libsystem_stats.dylib
0x000000000b5be000 	/usr/lib/system/libsystem_trace.dylib
0x000000000b5be000 	/usr/lib/system/libunc.dylib
0x000000000b5be000 	/usr/lib/system/libunwind.dylib
0x000000000b5be000 	/usr/lib/system/libxpc.dylib
0x000000000b5be000 	/usr/lib/libbz2.1.0.dylib
0x000000000b5be000 	/usr/lib/liblzma.5.dylib
0x000000000b5be000 	/usr/lib/libbsm.0.dylib
0x000000000b5be000 	/usr/lib/libsqlite3.dylib
0x000000000b5be000 	/usr/lib/system/libkxld.dylib
0x000000000b5be000 	/usr/lib/libxar.1.dylib
0x000000000b5be000 	/usr/lib/libpam.2.dylib
0x000000000b5be000 	/usr/lib/libOpenScriptingUtil.dylib
0x000000000b5be000 	/System/Library/Frameworks/CoreServices.framework/Versions/A/Frameworks/FSEvents.framework/Versions/A/FSEvents
0x000000000b5be000 	/System/Library/Frameworks/CoreServices.framework/Versions/A/Frameworks/CarbonCore.framework/Versions/A/CarbonCore
0x000000000b5be000 	/System/Library/Frameworks/CoreServices.framework/Versions/A/Frameworks/Metadata.framework/Versions/A/Metadata
0x000000000b5be000 	/System/Library/Frameworks/CoreServices.framework/Versions/A/Frameworks/OSServices.framework/Versions/A/OSServices
0x000000000b5be000 	/System/Library/Frameworks/CoreServices.framework/Versions/A/Frameworks/SearchKit.framework/Versions/A/SearchKit
0x000000000b5be000 	/System/Library/Frameworks/CoreServices.framework/Versions/A/Frameworks/AE.framework/Versions/A/AE
0x000000000b5be000 	/System/Library/Frameworks/CoreServices.framework/Versions/A/Frameworks/LaunchServices.framework/Versions/A/LaunchServices
0x000000000b5be000 	/System/Library/Frameworks/CoreServices.framework/Versions/A/Frameworks/DictionaryServices.framework/Versions/A/DictionaryServices
0x000000000b5be000 	/System/Library/Frameworks/NetFS.framework/Versions/A/NetFS
0x000000000b5be000 	/System/Library/PrivateFrameworks/NetAuth.framework/Versions/A/NetAuth
0x000000000b5be000 	/System/Library/PrivateFrameworks/login.framework/Versions/A/Frameworks/loginsupport.framework/Versions/A/loginsupport
0x000000000b5be000 	/System/Library/PrivateFrameworks/TCC.framework/Versions/A/TCC
0x000000000b5be000 	/usr/lib/libmecabra.dylib
0x000000000b5be000 	/System/Library/Frameworks/ApplicationServices.framework/Versions/A/Frameworks/ATS.framework/Versions/A/ATS
0x000000000b5be000 	/System/Library/Frameworks/ApplicationServices.framework/Versions/A/Frameworks/ColorSync.framework/Versions/A/ColorSync
0x000000000b5be000 	/System/Library/Frameworks/ApplicationServices.framework/Versions/A/Frameworks/HIServices.framework/Versions/A/HIServices
0x000000000b5be000 	/System/Library/Frameworks/ApplicationServices.framework/Versions/A/Frameworks/LangAnalysis.framework/Versions/A/LangAnalysis
0x000000000b5be000 	/System/Library/Frameworks/ApplicationServices.framework/Versions/A/Frameworks/PrintCore.framework/Versions/A/PrintCore
0x000000000b5be000 	/System/Library/Frameworks/ApplicationServices.framework/Versions/A/Frameworks/QD.framework/Versions/A/QD
0x000000000b5be000 	/System/Library/Frameworks/ApplicationServices.framework/Versions/A/Frameworks/SpeechSynthesis.framework/Versions/A/SpeechSynthesis
0x000000000b5be000 	/System/Library/Frameworks/Accelerate.framework/Versions/A/Accelerate
0x000000000b5be000 	/System/Library/Frameworks/Accelerate.framework/Versions/A/Frameworks/vImage.framework/Versions/A/vImage
0x000000000b5be000 	/System/Library/Frameworks/Accelerate.framework/Versions/A/Frameworks/vecLib.framework/Versions/A/vecLib
0x000000000b5be000 	/System/Library/Frameworks/Accelerate.framework/Versions/A/Frameworks/vecLib.framework/Versions/A/libvDSP.dylib
0x000000000b5be000 	/System/Library/Frameworks/Accelerate.framework/Versions/A/Frameworks/vecLib.framework/Versions/A/libvMisc.dylib
0x000000000b5be000 	/System/Library/Frameworks/Accelerate.framework/Versions/A/Frameworks/vecLib.framework/Versions/A/libLAPACK.dylib
0x000000000b5be000 	/System/Library/Frameworks/Accelerate.framework/Versions/A/Frameworks/vecLib.framework/Versions/A/libBLAS.dylib
0x000000000b5be000 	/System/Library/Frameworks/Accelerate.framework/Versions/A/Frameworks/vecLib.framework/Versions/A/libLinearAlgebra.dylib
0x000000000b5be000 	/System/Library/Frameworks/ApplicationServices.framework/Versions/A/Frameworks/ATS.framework/Versions/A/Resources/libFontParser.dylib
0x000000000b5be000 	/System/Library/Frameworks/ApplicationServices.framework/Versions/A/Frameworks/ATS.framework/Versions/A/Resources/libFontRegistry.dylib
0x000000000b5be000 	/System/Library/PrivateFrameworks/AppleVPA.framework/Versions/A/AppleVPA
0x000000000b5be000 	/System/Library/PrivateFrameworks/AppleJPEG.framework/Versions/A/AppleJPEG
0x000000000b5be000 	/System/Library/Frameworks/ImageIO.framework/Versions/A/Resources/libJPEG.dylib
0x000000000b5be000 	/System/Library/Frameworks/ImageIO.framework/Versions/A/Resources/libTIFF.dylib
0x000000000b5be000 	/System/Library/Frameworks/ImageIO.framework/Versions/A/Resources/libPng.dylib
0x000000000b5be000 	/System/Library/Frameworks/ImageIO.framework/Versions/A/Resources/libGIF.dylib
0x000000000b5be000 	/System/Library/Frameworks/ImageIO.framework/Versions/A/Resources/libJP2.dylib
0x000000000b5be000 	/System/Library/Frameworks/ImageIO.framework/Versions/A/Resources/libRadiance.dylib
0x000000000b5be000 	/System/Library/Frameworks/CoreVideo.framework/Versions/A/CoreVideo
0x000000000b5be000 	/System/Library/Frameworks/OpenGL.framework/Versions/A/Libraries/libGLU.dylib
0x000000000b5be000 	/System/Library/Frameworks/OpenGL.framework/Versions/A/Libraries/libGFXShared.dylib
0x000000000b5be000 	/System/Library/Frameworks/OpenGL.framework/Versions/A/Libraries/libGL.dylib
0x000000000b5be000 	/System/Library/Frameworks/OpenGL.framework/Versions/A/Libraries/libGLImage.dylib
0x000000000b5be000 	/System/Library/Frameworks/OpenGL.framework/Versions/A/Libraries/libCVMSPluginSupport.dylib
0x000000000b5be000 	/System/Library/Frameworks/OpenGL.framework/Versions/A/Libraries/libCoreVMClient.dylib
0x000000000b5be000 	/usr/lib/libcups.2.dylib
0x000000000b5be000 	/System/Library/Frameworks/Kerberos.framework/Versions/A/Kerberos
0x000000000b5be000 	/System/Library/Frameworks/GSS.framework/Versions/A/GSS
0x000000000b5be000 	/usr/lib/libresolv.9.dylib
0x000000000b5be000 	/usr/lib/libiconv.2.dylib
0x000000000b5be000 	/System/Library/PrivateFrameworks/Heimdal.framework/Versions/A/Heimdal
0x000000000b5be000 	/usr/lib/libheimdal-asn1.dylib
0x000000000b5be000 	/System/Library/Frameworks/OpenDirectory.framework/Versions/A/OpenDirectory
0x000000000b5be000 	/System/Library/PrivateFrameworks/CommonAuth.framework/Versions/A/CommonAuth
0x000000000b5be000 	/System/Library/Frameworks/OpenDirectory.framework/Versions/A/Frameworks/CFOpenDirectory.framework/Versions/A/CFOpenDirectory
0x000000000b5be000 	/System/Library/Frameworks/SecurityFoundation.framework/Versions/A/SecurityFoundation
0x000000000b5be000 	/System/Library/PrivateFrameworks/LanguageModeling.framework/Versions/A/LanguageModeling
0x000000000b5be000 	/usr/lib/libcmph.dylib
0x000000000b5be000 	/System/Library/Frameworks/ServiceManagement.framework/Versions/A/ServiceManagement
0x000000000b5be000 	/usr/lib/libxslt.1.dylib
0x000000000b5be000 	/System/Library/Frameworks/Carbon.framework/Versions/A/Frameworks/Ink.framework/Versions/A/Ink
0x000000000b5be000 	/System/Library/Frameworks/QuartzCore.framework/Versions/A/Frameworks/CoreImage.framework/Versions/A/CoreImage
0x000000000b5be000 	/System/Library/PrivateFrameworks/CrashReporterSupport.framework/Versions/A/CrashReporterSupport
0x000000000b5be000 	/System/Library/Frameworks/OpenCL.framework/Versions/A/OpenCL
0x000000000b5be000 	/System/Library/PrivateFrameworks/FaceCore.framework/Versions/A/FaceCore
0x000000000b5be000 	/System/Library/PrivateFrameworks/Ubiquity.framework/Versions/A/Ubiquity
0x000000000b5be000 	/System/Library/PrivateFrameworks/IconServices.framework/Versions/A/IconServices
0x000000000b5be000 	/System/Library/PrivateFrameworks/ChunkingLibrary.framework/Versions/A/ChunkingLibrary
0x000000000b5be000 	/System/Library/PrivateFrameworks/Apple80211.framework/Versions/A/Apple80211
0x000000000b5be000 	/System/Library/Frameworks/CoreWLAN.framework/Versions/A/CoreWLAN
0x000000000b5be000 	/System/Library/Frameworks/IOBluetooth.framework/Versions/A/IOBluetooth
0x000000000b5be000 	/System/Library/PrivateFrameworks/CoreWiFi.framework/Versions/A/CoreWiFi
0x000000000b5be000 	/System/Library/Frameworks/CoreBluetooth.framework/Versions/A/CoreBluetooth
0x000000000b5be000 	/System/Library/PrivateFrameworks/DebugSymbols.framework/Versions/A/DebugSymbols
0x000000000b5be000 	/System/Library/PrivateFrameworks/CoreSymbolication.framework/Versions/A/CoreSymbolication
0x000000000b5be000 	/System/Library/PrivateFrameworks/Symbolication.framework/Versions/A/Symbolication
0x000000000b5be000 	/System/Library/PrivateFrameworks/SpeechRecognitionCore.framework/Versions/A/SpeechRecognitionCore
0x000000010f600000 	/Library/Java/JavaVirtualMachines/jdk1.8.0_25.jdk/Contents/Home/jre/lib/server/libjvm.dylib
0x000000000b5be000 	/usr/lib/libstdc++.6.dylib
0x000000010f145000 	/Library/Java/JavaVirtualMachines/jdk1.8.0_25.jdk/Contents/Home/jre/lib/libverify.dylib
0x000000010f153000 	/Library/Java/JavaVirtualMachines/jdk1.8.0_25.jdk/Contents/Home/jre/lib/libjava.dylib
0x000000010f191000 	/Library/Java/JavaVirtualMachines/jdk1.8.0_25.jdk/Contents/Home/jre/lib/libzip.dylib
0x00000001317d6000 	/System/Library/Frameworks/JavaVM.framework/Frameworks/JavaRuntimeSupport.framework/JavaRuntimeSupport
0x00000001317ee000 	/System/Library/Frameworks/JavaVM.framework/Versions/A/Frameworks/JavaNativeFoundation.framework/Versions/A/JavaNativeFoundation
0x0000000131803000 	/System/Library/Frameworks/JavaVM.framework/Versions/A/JavaVM
0x000000000b5be000 	/System/Library/Frameworks/Carbon.framework/Versions/A/Carbon
0x0000000131810000 	/System/Library/PrivateFrameworks/JavaLaunching.framework/Versions/A/JavaLaunching
0x000000000b5be000 	/System/Library/Frameworks/Carbon.framework/Versions/A/Frameworks/CommonPanels.framework/Versions/A/CommonPanels
0x000000000b5be000 	/System/Library/Frameworks/Carbon.framework/Versions/A/Frameworks/Help.framework/Versions/A/Help
0x000000000b5be000 	/System/Library/Frameworks/Carbon.framework/Versions/A/Frameworks/ImageCapture.framework/Versions/A/ImageCapture
0x000000000b5be000 	/System/Library/Frameworks/Carbon.framework/Versions/A/Frameworks/OpenScripting.framework/Versions/A/OpenScripting
0x000000000b5be000 	/System/Library/Frameworks/Carbon.framework/Versions/A/Frameworks/Print.framework/Versions/A/Print
0x000000000b5be000 	/System/Library/Frameworks/Carbon.framework/Versions/A/Frameworks/SecurityHI.framework/Versions/A/SecurityHI
0x000000013359e000 	/Library/Java/JavaVirtualMachines/jdk1.8.0_25.jdk/Contents/Home/jre/lib/libawt.dylib
0x000000013364d000 	/Library/Java/JavaVirtualMachines/jdk1.8.0_25.jdk/Contents/Home/jre/lib/./libmlib_image.dylib
0x0000000133719000 	/Library/Java/JavaVirtualMachines/jdk1.8.0_25.jdk/Contents/Home/jre/lib/libawt_lwawt.dylib
0x00000001337cc000 	/Library/Java/JavaVirtualMachines/jdk1.8.0_25.jdk/Contents/Home/jre/lib/./libosxapp.dylib
0x000000000b5be000 	/System/Library/Frameworks/ExceptionHandling.framework/Versions/A/ExceptionHandling
0x000000000b5be000 	/System/Library/PrivateFrameworks/CoreServicesInternal.framework/Versions/A/CoreServicesInternal
0x000000000b5be000 	/System/Library/PrivateFrameworks/CloudDocs.framework/Versions/A/CloudDocs
0x000000000b5be000 	/System/Library/PrivateFrameworks/CoreDuet.framework/Versions/A/CoreDuet
0x000000000b5be000 	/System/Library/Frameworks/CloudKit.framework/Versions/A/CloudKit
0x000000000b5be000 	/System/Library/PrivateFrameworks/ProtocolBuffer.framework/Versions/A/ProtocolBuffer
0x000000000b5be000 	/System/Library/PrivateFrameworks/CoreDuetDaemonProtocol.framework/Versions/A/CoreDuetDaemonProtocol
0x000000000b5be000 	/System/Library/PrivateFrameworks/CoreDuetDebugLogging.framework/Versions/A/CoreDuetDebugLogging
0x000000000b5be000 	/System/Library/Frameworks/CoreLocation.framework/Versions/A/CoreLocation
0x000000000b5be000 	/System/Library/Frameworks/Accounts.framework/Versions/A/Accounts
0x000000000b5be000 	/System/Library/PrivateFrameworks/ApplePushService.framework/Versions/A/ApplePushService
0x000000000b5be000 	/System/Library/PrivateFrameworks/GeoServices.framework/Versions/A/GeoServices
0x000000000b5be000 	/System/Library/PrivateFrameworks/OAuth.framework/Versions/A/OAuth
0x000000000b5be000 	/System/Library/PrivateFrameworks/CoreDaemon.framework/Versions/B/CoreDaemon
0x000000000b5be000 	/usr/lib/libcrypto.0.9.8.dylib
0x000000000b5be000 	/System/Library/PrivateFrameworks/AppleSRP.framework/Versions/A/AppleSRP
0x000000000b5be000 	/System/Library/PrivateFrameworks/TrustEvaluationAgent.framework/Versions/A/TrustEvaluationAgent
0x000000000b5be000 	/System/Library/Frameworks/CoreGraphics.framework/Versions/A/Resources/libCGCMS.A.dylib
0x000000000b5be000 	/System/Library/Frameworks/CoreGraphics.framework/Versions/A/Resources/libRIP.A.dylib
0x000000000b5be000 	/System/Library/Frameworks/CoreGraphics.framework/Versions/A/Resources/libCGXType.A.dylib
0x000000000b5be000 	/System/Library/Frameworks/OpenCL.framework/Versions/A/Libraries/libcldcpuengine.dylib
0x000000000b5be000 	/System/Library/PrivateFrameworks/DiskImages.framework/Versions/A/DiskImages
0x000000000b5be000 	/System/Library/Frameworks/DiscRecording.framework/Versions/A/DiscRecording
0x000000000b5be000 	/usr/lib/libcsfde.dylib
0x000000000b5be000 	/usr/lib/libcurl.4.dylib
0x000000000b5be000 	/System/Library/PrivateFrameworks/MediaKit.framework/Versions/A/MediaKit
0x000000000b5be000 	/System/Library/PrivateFrameworks/ProtectedCloudStorage.framework/Versions/A/ProtectedCloudStorage
0x000000000b5be000 	/usr/lib/libCoreStorage.dylib
0x000000000b5be000 	/System/Library/PrivateFrameworks/EFILogin.framework/Versions/A/EFILogin
0x000000000b5be000 	/usr/lib/libutil.dylib
0x000000000b5be000 	/System/Library/PrivateFrameworks/FindMyDevice.framework/Versions/A/FindMyDevice
0x000000000b5be000 	/System/Library/Frameworks/LDAP.framework/Versions/A/LDAP
0x000000000b5be000 	/usr/lib/libsasl2.2.dylib
0x0000000136722000 	cl_kernels
0x0000000136724000 	/System/Library/Frameworks/OpenCL.framework/Versions/A/Libraries/ImageFormats/unorm8_bgra.dylib
0x0000000136713000 	cl_kernels
0x0000000136718000 	cl_kernels
0x000000013671c000 	cl_kernels
0x000000000b5be000 	/System/Library/PrivateFrameworks/FamilyControls.framework/Versions/A/FamilyControls
0x000000000b5be000 	/System/Library/PrivateFrameworks/CommerceKit.framework/Versions/A/Frameworks/CommerceCore.framework/Versions/A/CommerceCore
0x000000000b5be000 	/System/Library/PrivateFrameworks/SystemAdministration.framework/Versions/A/SystemAdministration
0x000000000b5be000 	/System/Library/PrivateFrameworks/AppContainer.framework/Versions/A/AppContainer
0x000000000b5be000 	/System/Library/PrivateFrameworks/SecCodeWrapper.framework/Versions/A/SecCodeWrapper
0x000000000b5be000 	/System/Library/Frameworks/DirectoryService.framework/Versions/A/DirectoryService
0x000000000b5be000 	/System/Library/PrivateFrameworks/LoginUIKit.framework/Versions/A/Frameworks/LoginUICore.framework/Versions/A/LoginUICore
0x000000000b5be000 	/usr/lib/libodfde.dylib
0x000000000b5be000 	/System/Library/Frameworks/OpenGL.framework/Versions/A/Resources/GLEngine.bundle/GLEngine
0x000000000b5be000 	/System/Library/Frameworks/OpenGL.framework/Versions/A/Libraries/libGLProgrammability.dylib
0x0000000000000000 	/System/Library/Extensions/GeForceTeslaGLDriver.bundle/Contents/MacOS/GeForceTeslaGLDriver
0x00000001379ea000 	/System/Library/Extensions/GeForceTeslaGLDriver.bundle/Contents/MacOS/libclh.dylib
0x0000000135c60000 	/System/Library/PrivateFrameworks/GPUSupport.framework/Versions/A/Libraries/libGPUSupport.dylib
0x000000000b5be000 	/System/Library/Frameworks/OpenGL.framework/Versions/A/Resources/GLRendererFloat.bundle/GLRendererFloat
0x0000000138894000 	/Library/Java/JavaVirtualMachines/jdk1.8.0_25.jdk/Contents/Home/jre/lib/libfontmanager.dylib
0x0000000138925000 	/Library/Java/JavaVirtualMachines/jdk1.8.0_25.jdk/Contents/Home/jre/lib/libosxui.dylib
0x0000000139b87000 	/Library/Java/JavaVirtualMachines/jdk1.8.0_25.jdk/Contents/Home/jre/lib/libnet.dylib
0x0000000139be6000 	/Library/Java/JavaVirtualMachines/jdk1.8.0_25.jdk/Contents/Home/jre/lib/libnio.dylib
0x000000013afc9000 	/Library/Java/JavaVirtualMachines/jdk1.8.0_25.jdk/Contents/Home/jre/lib/libdcpr.dylib
0x000000000b5be000 	/System/Library/PrivateFrameworks/Shortcut.framework/Versions/A/Shortcut
0x000000000b5be000 	/System/Library/PrivateFrameworks/HelpData.framework/Versions/A/HelpData
0x000000000b5be000 	/usr/lib/libtidy.A.dylib

VM Arguments:
jvm_args: -Xmx7g 
java_command: ij.jar
java_class_path (initial): ij.jar
Launcher Type: SUN_STANDARD

Environment Variables:
PATH=/Library/Frameworks/Python.framework/Versions/2.6/bin:/usr/local/bin:/usr/bin:/bin:/usr/sbin:/sbin:/opt/X11/bin:/usr/local/git/bin
SHELL=/bin/bash
DISPLAY=/private/tmp/com.apple.launchd.dE61Cz723h/org.macosforge.xquartz:0
HOSTTYPE=intel-mac
OSTYPE=darwin
MACHTYPE=x86_64

Signal Handlers:
SIGSEGV: [libjvm.dylib+0x579dc7], sa_mask[0]=11111111011111110111111111111111, sa_flags=SA_ONSTACK|SA_RESTART|SA_SIGINFO
SIGBUS: [libjvm.dylib+0x579dc7], sa_mask[0]=11111111011111110111111111111111, sa_flags=SA_RESTART|SA_SIGINFO
SIGFPE: [libjvm.dylib+0x45b030], sa_mask[0]=11111111011111110111111111111111, sa_flags=SA_RESTART|SA_SIGINFO
SIGPIPE: [libjvm.dylib+0x45b030], sa_mask[0]=11111111011111110111111111111111, sa_flags=SA_RESTART|SA_SIGINFO
SIGXFSZ: [libjvm.dylib+0x45b030], sa_mask[0]=11111111011111110111111111111111, sa_flags=SA_RESTART|SA_SIGINFO
SIGILL: [libjvm.dylib+0x45b030], sa_mask[0]=11111111011111110111111111111111, sa_flags=SA_RESTART|SA_SIGINFO
SIGUSR1: SIG_DFL, sa_mask[0]=11011111011111100000000111000110, sa_flags=none
SIGUSR2: [libjvm.dylib+0x45ab4e], sa_mask[0]=00000000000000000000000000000000, sa_flags=SA_RESTART|SA_SIGINFO
SIGHUP: [libjvm.dylib+0x459121], sa_mask[0]=11111111011111110111111111111111, sa_flags=SA_RESTART|SA_SIGINFO
SIGINT: [libjvm.dylib+0x459121], sa_mask[0]=11111111011111110111111111111111, sa_flags=SA_RESTART|SA_SIGINFO
SIGTERM: [libjvm.dylib+0x459121], sa_mask[0]=11111111011111110111111111111111, sa_flags=SA_RESTART|SA_SIGINFO
SIGQUIT: [libjvm.dylib+0x459121], sa_mask[0]=11111111011111110111111111111111, sa_flags=SA_RESTART|SA_SIGINFO


---------------  S Y S T E M  ---------------

OS:Bsduname:Darwin 14.1.0 Darwin Kernel Version 14.1.0: Thu Feb 26 19:26:47 PST 2015; root:xnu-2782.10.73~1/RELEASE_X86_64 x86_64
rlimit: STACK 8192k, CORE 0k, NPROC 709, NOFILE 10240, AS infinity
load average:1.87 1.78 3.04

CPU:total 2 (2 cores per cpu, 1 threads per core) family 6 model 23 stepping 10, cmov, cx8, fxsr, mmx, sse, sse2, sse3, ssse3, sse4.1, tsc

Memory: 4k page, physical 8388608k(2221688k free)

/proc/meminfo:


vm_info: Java HotSpot(TM) 64-Bit Server VM (25.25-b02) for bsd-amd64 JRE (1.8.0_25-b17), built on Sep 17 2014 16:56:50 by "java_re" with gcc 4.2.1 (Based on Apple Inc. build 5658) (LLVM build 2336.11.00)

time: Mon Mar 23 22:58:01 2015
elapsed time: 76 seconds (0d 0h 1m 16s)

