#
# A fatal error has been detected by the Java Runtime Environment:
#
#  SIGSEGV (0xb) at pc=0x000000013179d04f, pid=2081, tid=49967
#
# JRE version: Java(TM) SE Runtime Environment (8.0_25-b17) (build 1.8.0_25-b17)
# Java VM: Java HotSpot(TM) 64-Bit Server VM (25.25-b02 mixed mode bsd-amd64 compressed oops)
# Problematic frame:
# C  [libawt.dylib+0x3104f]  IntRgbBilinearTransformHelper+0x9d
#
# Failed to write core dump. Core dumps have been disabled. To enable core dumping, try "ulimit -c unlimited" before starting Java again
#
# If you would like to submit a bug report, please visit:
#   http://bugreport.sun.com/bugreport/crash.jsp
# The crash happened outside the Java Virtual Machine in native code.
# See problematic frame for where to report the bug.
#

---------------  T H R E A D  ---------------

Current thread (0x00007fba5225d800):  JavaThread "AWT-EventQueue-0" [_thread_in_native, id=49967, stack(0x0000000136b81000,0x0000000136c81000)]

siginfo: si_signo: 11 (SIGSEGV), si_code: 1 (SEGV_MAPERR), si_addr: 0x00000005c560af74

Registers:
RAX=0x0000000000017738, RBX=0x00000000ffffa24a, RCX=0x0000001783958106, RDX=0x00000000ffffa233
RSP=0x0000000136c79d88, RBP=0x0000000136c79db0, RSI=0x0000000136c79eb0, RDI=0x0000000136c7dfc0
R8 =0x0000000000000000, R9 =0x000057848fdf3ade, R10=0x00000000ff000000, R11=0x0000000000000017
R12=0x0000000000000000, R13=0x0000001803958106, R14=0x0000000000005784, R15=0x00000005c560af18
RIP=0x000000013179d04f, EFLAGS=0x0000000000010206, ERR=0x0000000000000004
  TRAPNO=0x000000000000000e

Top of Stack: (sp=0x0000000136c79d88)
0x0000000136c79d88:   0000000000000000 000057850fdf3ade
0x0000000136c79d98:   0000001803958106 0000000000000000
0x0000000136c79da8:   00000000000001f4 0000000136c7e0b0
0x0000000136c79db8:   00000001317b1806 0000000000000000
0x0000000136c79dc8:   0000000136c7df28 0000000136c7dfc0
0x0000000136c79dd8:   00000001317ddac0 0000000136c7df18
0x0000000136c79de8:   00007fba5447b040 00007fba54429030
0x0000000136c79df8:   0000001803958106 0000001803958106
0x0000000136c79e08:   00007fba5225d9e8 0000000000000000
0x0000000136c79e18:   00000030072b020c 0000000000000022
0x0000000136c79e28:   00000000000001d2 0000000000000200
0x0000000136c79e38:   00000001fffffdff 00000001000001f4
0x0000000136c79e48:   fffffffffffffe0b 00000000000001d2
0x0000000136c79e58:   0000001803958106 000057850fdf3ade
0x0000000136c79e68:   000000013179cfb2 00000001317ddac0
0x0000000136c79e78:   000000072ab1d6a0 0000000036c79ee8
0x0000000136c79e88:   00000030072b020c 0000000000000000
0x0000000136c79e98:   00000001317b0182 0000000000000000
0x0000000136c79ea8:   000001f4000001f4 ff00ee00ff00ee00
0x0000000136c79eb8:   ff01ee00ff01ee00 ff02ee00ff02ee00
0x0000000136c79ec8:   ff03ee00ff03ee00 ff04ee00ff04ee00
0x0000000136c79ed8:   ff05ee00ff05ee00 ff06ee00ff06ee00
0x0000000136c79ee8:   ff07ee00ff07ee00 ff08ee00ff08ee00
0x0000000136c79ef8:   ff09ee00ff09ee00 ff0bee00ff0aee00
0x0000000136c79f08:   ff0cee00ff0bee00 ff0dee00ff0cee00
0x0000000136c79f18:   ff0eee00ff0dee00 ff0fee00ff0eee00
0x0000000136c79f28:   ff10ee00ff0fee00 ff11ee00ff10ee00
0x0000000136c79f38:   ff12ee00ff11ee00 ff13ee00ff12ee00
0x0000000136c79f48:   ff14ee00ff13ee00 ff15ee00ff14ee00
0x0000000136c79f58:   ff16ee00ff15ee00 ff17ee00ff16ee00
0x0000000136c79f68:   ff18ee00ff17ee00 ff19ee00ff18ee00
0x0000000136c79f78:   ff1aee00ff19ee00 ff1bee00ff1aee00 

Instructions: (pc=0x000000013179d04f)
0x000000013179d02f:   3f 45 01 fc 44 0f af e0 4d 63 fc 4c 03 7f 10 45
0x000000013179d03f:   89 dc 41 c1 fc 1f 45 29 e3 44 03 5d d4 4d 63 db
0x000000013179d04f:   47 8b 2c 9f 45 09 d5 46 89 2c 86 c1 eb 1f 44 01
0x000000013179d05f:   e3 44 01 db 48 63 db 45 8b 24 9f 45 09 d4 46 89 

Register to memory mapping:

RAX=0x0000000000017738 is an unknown value
RBX=0x00000000ffffa24a is an unknown value
RCX=0x0000001783958106 is an unknown value
RDX=0x00000000ffffa233 is an unknown value
RSP=0x0000000136c79d88 is pointing into the stack for thread: 0x00007fba5225d800
RBP=0x0000000136c79db0 is pointing into the stack for thread: 0x00007fba5225d800
RSI=0x0000000136c79eb0 is pointing into the stack for thread: 0x00007fba5225d800
RDI=0x0000000136c7dfc0 is pointing into the stack for thread: 0x00007fba5225d800
R8 =0x0000000000000000 is an unknown value
R9 =0x000057848fdf3ade is an unknown value
R10=0x00000000ff000000 is an unknown value
R11=0x0000000000000017 is an unknown value
R12=0x0000000000000000 is an unknown value
R13=0x0000001803958106 is an unknown value
R14=0x0000000000005784 is an unknown value
R15=0x00000005c560af18 is an unknown value


Stack: [0x0000000136b81000,0x0000000136c81000],  sp=0x0000000136c79d88,  free space=995k
Native frames: (J=compiled Java code, j=interpreted, Vv=VM code, C=native code)
C  [libawt.dylib+0x3104f]  IntRgbBilinearTransformHelper+0x9d
C  [libawt.dylib+0x45806]  Java_sun_java2d_loops_TransformHelper_Transform+0xd2b
j  sun.java2d.loops.TransformHelper.Transform(Lsun/java2d/loops/MaskBlit;Lsun/java2d/SurfaceData;Lsun/java2d/SurfaceData;Ljava/awt/Composite;Lsun/java2d/pipe/Region;Ljava/awt/geom/AffineTransform;IIIIIIIII[III)V+0
j  sun.java2d.pipe.DrawImage.renderImageXform(Lsun/java2d/SunGraphics2D;Ljava/awt/Image;Ljava/awt/geom/AffineTransform;IIIIILjava/awt/Color;)V+624
j  sun.java2d.opengl.OGLDrawImage.renderImageXform(Lsun/java2d/SunGraphics2D;Ljava/awt/Image;Ljava/awt/geom/AffineTransform;IIIIILjava/awt/Color;)V+155
j  sun.java2d.pipe.DrawImage.transformImage(Lsun/java2d/SunGraphics2D;Ljava/awt/Image;Ljava/awt/geom/AffineTransform;IIIIILjava/awt/Color;)V+120
j  sun.java2d.pipe.DrawImage.scaleImage(Lsun/java2d/SunGraphics2D;Ljava/awt/Image;IIIIIIIILjava/awt/Color;)Z+467
j  sun.java2d.pipe.DrawImage.scaleImage(Lsun/java2d/SunGraphics2D;Ljava/awt/Image;IIIIIIIILjava/awt/Color;Ljava/awt/image/ImageObserver;)Z+27
j  sun.java2d.pipe.ValidatePipe.scaleImage(Lsun/java2d/SunGraphics2D;Ljava/awt/Image;IIIIIIIILjava/awt/Color;Ljava/awt/image/ImageObserver;)Z+33
j  sun.java2d.SunGraphics2D.drawImage(Ljava/awt/Image;IIIIIIIILjava/awt/Color;Ljava/awt/image/ImageObserver;)Z+214
j  sun.java2d.SunGraphics2D.drawImage(Ljava/awt/Image;IIIIIIIILjava/awt/image/ImageObserver;)Z+19
j  ij.gui.ImageCanvas.paint(Ljava/awt/Graphics;)V+224
j  sun.awt.RepaintArea.paintComponent(Ljava/awt/Component;Ljava/awt/Graphics;)V+6
j  sun.lwawt.LWRepaintArea.paintComponent(Ljava/awt/Component;Ljava/awt/Graphics;)V+29
J 1202 C1 sun.awt.RepaintArea.paint(Ljava/lang/Object;Z)V (354 bytes) @ 0x000000010ea4ee8c [0x000000010ea4da20+0x146c]
J 875 C1 sun.lwawt.LWComponentPeer.handleEvent(Ljava/awt/AWTEvent;)V (104 bytes) @ 0x000000010e9814dc [0x000000010e980e20+0x6bc]
J 835 C1 java.awt.Component.dispatchEventImpl(Ljava/awt/AWTEvent;)V (883 bytes) @ 0x000000010e9468c4 [0x000000010e93f380+0x7544]
J 823 C1 java.awt.EventQueue.dispatchEventImpl(Ljava/awt/AWTEvent;Ljava/lang/Object;)V (149 bytes) @ 0x000000010e936ecc [0x000000010e935780+0x174c]
J 822 C1 java.awt.EventQueue$3.run()Ljava/lang/Void; (60 bytes) @ 0x000000010e934f54 [0x000000010e934d40+0x214]
J 821 C1 java.awt.EventQueue$3.run()Ljava/lang/Object; (5 bytes) @ 0x000000010e9349cc [0x000000010e934940+0x8c]
v  ~StubRoutines::call_stub
V  [libjvm.dylib+0x2d4516]  JavaCalls::call_helper(JavaValue*, methodHandle*, JavaCallArguments*, Thread*)+0x6ae
V  [libjvm.dylib+0x32aeb2]  JVM_DoPrivileged+0x4b8
J 630  java.security.AccessController.doPrivileged(Ljava/security/PrivilegedAction;Ljava/security/AccessControlContext;)Ljava/lang/Object; (0 bytes) @ 0x000000010e8e1115 [0x000000010e8e1040+0xd5]
J 635 C1 java.security.ProtectionDomain$1.doIntersectionPrivilege(Ljava/security/PrivilegedAction;Ljava/security/AccessControlContext;Ljava/security/AccessControlContext;)Ljava/lang/Object; (32 bytes) @ 0x000000010e8dfb84 [0x000000010e8df880+0x304]
J 701 C1 java.awt.EventQueue$4.run()Ljava/lang/Object; (5 bytes) @ 0x000000010e90391c [0x000000010e903520+0x3fc]
v  ~StubRoutines::call_stub
V  [libjvm.dylib+0x2d4516]  JavaCalls::call_helper(JavaValue*, methodHandle*, JavaCallArguments*, Thread*)+0x6ae
V  [libjvm.dylib+0x32aeb2]  JVM_DoPrivileged+0x4b8
J 630  java.security.AccessController.doPrivileged(Ljava/security/PrivilegedAction;Ljava/security/AccessControlContext;)Ljava/lang/Object; (0 bytes) @ 0x000000010e8e1115 [0x000000010e8e1040+0xd5]
J 683 C1 java.awt.EventQueue.dispatchEvent(Ljava/awt/AWTEvent;)V (80 bytes) @ 0x000000010e8fab4c [0x000000010e8f9e60+0xcec]
J 688 C1 java.awt.EventDispatchThread.pumpOneEventForFilters(I)V (295 bytes) @ 0x000000010e8fe36c [0x000000010e8fc800+0x1b6c]
j  java.awt.EventDispatchThread.pumpEventsForFilter(ILjava/awt/Conditional;Ljava/awt/EventFilter;)V+35
j  java.awt.EventDispatchThread.pumpEventsForHierarchy(ILjava/awt/Conditional;Ljava/awt/Component;)V+11
j  java.awt.EventDispatchThread.pumpEvents(ILjava/awt/Conditional;)V+4
j  java.awt.EventDispatchThread.pumpEvents(Ljava/awt/Conditional;)V+3
j  java.awt.EventDispatchThread.run()V+9
v  ~StubRoutines::call_stub
V  [libjvm.dylib+0x2d4516]  JavaCalls::call_helper(JavaValue*, methodHandle*, JavaCallArguments*, Thread*)+0x6ae
V  [libjvm.dylib+0x2d4ca4]  JavaCalls::call_virtual(JavaValue*, KlassHandle, Symbol*, Symbol*, JavaCallArguments*, Thread*)+0x164
V  [libjvm.dylib+0x2d4e50]  JavaCalls::call_virtual(JavaValue*, Handle, KlassHandle, Symbol*, Symbol*, Thread*)+0x4a
V  [libjvm.dylib+0x32583f]  thread_entry(JavaThread*, Thread*)+0x7c
V  [libjvm.dylib+0x535ed9]  JavaThread::thread_main_inner()+0x9b
V  [libjvm.dylib+0x53761c]  JavaThread::run()+0x1c2
V  [libjvm.dylib+0x45d87e]  java_start(Thread*)+0xf6
C  [libsystem_pthread.dylib+0x3268]  _pthread_body+0x83
C  [libsystem_pthread.dylib+0x31e5]  _pthread_body+0x0
C  [libsystem_pthread.dylib+0x141d]  thread_start+0xd
C  0x0000000000000000

Java frames: (J=compiled Java code, j=interpreted, Vv=VM code)
j  sun.java2d.loops.TransformHelper.Transform(Lsun/java2d/loops/MaskBlit;Lsun/java2d/SurfaceData;Lsun/java2d/SurfaceData;Ljava/awt/Composite;Lsun/java2d/pipe/Region;Ljava/awt/geom/AffineTransform;IIIIIIIII[III)V+0
j  sun.java2d.pipe.DrawImage.renderImageXform(Lsun/java2d/SunGraphics2D;Ljava/awt/Image;Ljava/awt/geom/AffineTransform;IIIIILjava/awt/Color;)V+624
j  sun.java2d.opengl.OGLDrawImage.renderImageXform(Lsun/java2d/SunGraphics2D;Ljava/awt/Image;Ljava/awt/geom/AffineTransform;IIIIILjava/awt/Color;)V+155
j  sun.java2d.pipe.DrawImage.transformImage(Lsun/java2d/SunGraphics2D;Ljava/awt/Image;Ljava/awt/geom/AffineTransform;IIIIILjava/awt/Color;)V+120
j  sun.java2d.pipe.DrawImage.scaleImage(Lsun/java2d/SunGraphics2D;Ljava/awt/Image;IIIIIIIILjava/awt/Color;)Z+467
j  sun.java2d.pipe.DrawImage.scaleImage(Lsun/java2d/SunGraphics2D;Ljava/awt/Image;IIIIIIIILjava/awt/Color;Ljava/awt/image/ImageObserver;)Z+27
j  sun.java2d.pipe.ValidatePipe.scaleImage(Lsun/java2d/SunGraphics2D;Ljava/awt/Image;IIIIIIIILjava/awt/Color;Ljava/awt/image/ImageObserver;)Z+33
j  sun.java2d.SunGraphics2D.drawImage(Ljava/awt/Image;IIIIIIIILjava/awt/Color;Ljava/awt/image/ImageObserver;)Z+214
j  sun.java2d.SunGraphics2D.drawImage(Ljava/awt/Image;IIIIIIIILjava/awt/image/ImageObserver;)Z+19
j  ij.gui.ImageCanvas.paint(Ljava/awt/Graphics;)V+224
j  sun.awt.RepaintArea.paintComponent(Ljava/awt/Component;Ljava/awt/Graphics;)V+6
j  sun.lwawt.LWRepaintArea.paintComponent(Ljava/awt/Component;Ljava/awt/Graphics;)V+29
J 1202 C1 sun.awt.RepaintArea.paint(Ljava/lang/Object;Z)V (354 bytes) @ 0x000000010ea4ee8c [0x000000010ea4da20+0x146c]
J 875 C1 sun.lwawt.LWComponentPeer.handleEvent(Ljava/awt/AWTEvent;)V (104 bytes) @ 0x000000010e9814dc [0x000000010e980e20+0x6bc]
J 835 C1 java.awt.Component.dispatchEventImpl(Ljava/awt/AWTEvent;)V (883 bytes) @ 0x000000010e9468c4 [0x000000010e93f380+0x7544]
J 823 C1 java.awt.EventQueue.dispatchEventImpl(Ljava/awt/AWTEvent;Ljava/lang/Object;)V (149 bytes) @ 0x000000010e936ecc [0x000000010e935780+0x174c]
J 822 C1 java.awt.EventQueue$3.run()Ljava/lang/Void; (60 bytes) @ 0x000000010e934f54 [0x000000010e934d40+0x214]
J 821 C1 java.awt.EventQueue$3.run()Ljava/lang/Object; (5 bytes) @ 0x000000010e9349cc [0x000000010e934940+0x8c]
v  ~StubRoutines::call_stub
J 630  java.security.AccessController.doPrivileged(Ljava/security/PrivilegedAction;Ljava/security/AccessControlContext;)Ljava/lang/Object; (0 bytes) @ 0x000000010e8e10a3 [0x000000010e8e1040+0x63]
J 635 C1 java.security.ProtectionDomain$1.doIntersectionPrivilege(Ljava/security/PrivilegedAction;Ljava/security/AccessControlContext;Ljava/security/AccessControlContext;)Ljava/lang/Object; (32 bytes) @ 0x000000010e8dfb84 [0x000000010e8df880+0x304]
J 701 C1 java.awt.EventQueue$4.run()Ljava/lang/Object; (5 bytes) @ 0x000000010e90391c [0x000000010e903520+0x3fc]
v  ~StubRoutines::call_stub
J 630  java.security.AccessController.doPrivileged(Ljava/security/PrivilegedAction;Ljava/security/AccessControlContext;)Ljava/lang/Object; (0 bytes) @ 0x000000010e8e10a3 [0x000000010e8e1040+0x63]
J 683 C1 java.awt.EventQueue.dispatchEvent(Ljava/awt/AWTEvent;)V (80 bytes) @ 0x000000010e8fab4c [0x000000010e8f9e60+0xcec]
J 688 C1 java.awt.EventDispatchThread.pumpOneEventForFilters(I)V (295 bytes) @ 0x000000010e8fe36c [0x000000010e8fc800+0x1b6c]
j  java.awt.EventDispatchThread.pumpEventsForFilter(ILjava/awt/Conditional;Ljava/awt/EventFilter;)V+35
j  java.awt.EventDispatchThread.pumpEventsForHierarchy(ILjava/awt/Conditional;Ljava/awt/Component;)V+11
j  java.awt.EventDispatchThread.pumpEvents(ILjava/awt/Conditional;)V+4
j  java.awt.EventDispatchThread.pumpEvents(Ljava/awt/Conditional;)V+3
j  java.awt.EventDispatchThread.run()V+9
v  ~StubRoutines::call_stub

---------------  P R O C E S S  ---------------

Java Threads: ( => current thread )
  0x00007fba525e9800 JavaThread "zSelector" [_thread_blocked, id=11807, stack(0x00000001468c9000,0x00000001469c9000)]
  0x00007fba52c66800 JavaThread "Monitor Memory..." [_thread_blocked, id=55311, stack(0x00000001401d5000,0x00000001402d5000)]
  0x00007fba52a78000 JavaThread "TimerQueue" daemon [_thread_blocked, id=35183, stack(0x0000000139a32000,0x0000000139b32000)]
  0x00007fba52801800 JavaThread "DestroyJavaVM" [_thread_blocked, id=3591, stack(0x000000010e530000,0x000000010e630000)]
=>0x00007fba5225d800 JavaThread "AWT-EventQueue-0" [_thread_in_native, id=49967, stack(0x0000000136b81000,0x0000000136c81000)]
  0x00007fba5289b800 JavaThread "Java2D Disposer" daemon [_thread_blocked, id=48143, stack(0x00000001369e4000,0x0000000136ae4000)]
  0x00007fba521d2000 JavaThread "Java2D Queue Flusher" daemon [_thread_in_native, id=47879, stack(0x0000000135b3a000,0x0000000135c3a000)]
  0x00007fba5290d800 JavaThread "AWT-Shutdown" [_thread_blocked, id=27143, stack(0x0000000133156000,0x0000000133256000)]
  0x00007fba52116800 JavaThread "AppKit Thread" daemon [_thread_in_native, id=8207, stack(0x00007fff52336000,0x00007fff52b36000)]
  0x00007fba5284f000 JavaThread "Service Thread" daemon [_thread_blocked, id=16643, stack(0x00000001314eb000,0x00000001315eb000)]
  0x00007fba52080800 JavaThread "C1 CompilerThread1" daemon [_thread_blocked, id=16131, stack(0x00000001313e8000,0x00000001314e8000)]
  0x00007fba52052800 JavaThread "C2 CompilerThread0" daemon [_thread_blocked, id=15619, stack(0x00000001312e5000,0x00000001313e5000)]
  0x00007fba52835800 JavaThread "Signal Dispatcher" daemon [_thread_blocked, id=12307, stack(0x00000001311e2000,0x00000001312e2000)]
  0x00007fba5204b800 JavaThread "Finalizer" daemon [_thread_blocked, id=10499, stack(0x000000012f898000,0x000000012f998000)]
  0x00007fba52010800 JavaThread "Reference Handler" daemon [_thread_blocked, id=9987, stack(0x000000012f795000,0x000000012f895000)]

Other Threads:
  0x00007fba52826000 VMThread [stack: 0x000000012f692000,0x000000012f792000] [id=9475]
  0x00007fba52850000 WatcherThread [stack: 0x00000001315ee000,0x00000001316ee000] [id=17155]

VM state:not at safepoint (normal execution)

VM Mutex/Monitor currently owned by a thread: None

Heap:
 PSYoungGen      total 38400K, used 3114K [0x000000072ab00000, 0x000000072d580000, 0x00000007c0000000)
  eden space 33280K, 9% used [0x000000072ab00000,0x000000072ae0ab68,0x000000072cb80000)
  from space 5120K, 0% used [0x000000072cb80000,0x000000072cb80000,0x000000072d080000)
  to   space 5120K, 0% used [0x000000072d080000,0x000000072d080000,0x000000072d580000)
 ParOldGen       total 4029952K, used 3384927K [0x0000000600000000, 0x00000006f5f80000, 0x000000072ab00000)
  object space 4029952K, 83% used [0x0000000600000000,0x00000006ce997e98,0x00000006f5f80000)
 Metaspace       used 14322K, capacity 14496K, committed 14848K, reserved 1062912K
  class space    used 1647K, capacity 1704K, committed 1792K, reserved 1048576K

Card table byte_map: [0x000000011da45000,0x000000011e846000] byte_map_base: 0x000000011aa45000

Marking Bits: (ParMarkBitMap*) 0x000000010deb0390
 Begin Bits: [0x000000011f3a2000, 0x00000001263a2000)
 End Bits:   [0x00000001263a2000, 0x000000012d3a2000)

Polling page: 0x000000010d1fe000

CodeCache: size=245760Kb used=5146Kb max_used=5146Kb free=240613Kb
 bounds [0x000000010e685000, 0x000000010eb95000, 0x000000011d685000]
 total_blobs=2046 nmethods=1508 adapters=452
 compilation: enabled

Compilation events (10 events):
Event: 93.213 Thread 0x00007fba52080800 1567       3       sun.lwawt.macosx.CMenu::createModel (103 bytes)
Event: 93.214 Thread 0x00007fba52080800 nmethod 1567 0x000000010eb8ead0 code [0x000000010eb8ed60, 0x000000010eb90128]
Event: 94.914 Thread 0x00007fba52080800 1568       3       java.lang.String::regionMatches (149 bytes)
Event: 94.915 Thread 0x00007fba52080800 nmethod 1568 0x000000010eb907d0 code [0x000000010eb90a40, 0x000000010eb916f8]
Event: 97.936 Thread 0x00007fba52080800 1569       3       sun.font.Font2D::getStrike (27 bytes)
Event: 97.936 Thread 0x00007fba52080800 nmethod 1569 0x000000010eb8ad10 code [0x000000010eb8aea0, 0x000000010eb8b178]
Event: 97.950 Thread 0x00007fba52080800 1570   !   3       sun.java2d.pipe.BufferedTextPipe::drawGlyphList (58 bytes)
Event: 97.951 Thread 0x00007fba52080800 nmethod 1570 0x000000010eb92090 code [0x000000010eb922a0, 0x000000010eb92e88]
Event: 97.952 Thread 0x00007fba52080800 1571       3       sun.java2d.opengl.OGLTextRenderer::validateContext (26 bytes)
Event: 97.953 Thread 0x00007fba52080800 nmethod 1571 0x000000010e8bead0 code [0x000000010e8bec80, 0x000000010e8bf328]

GC Heap History (10 events):
Event: 70.651 GC heap before
{Heap before GC invocations=2 (full 1):
 PSYoungGen      total 38400K, used 5100K [0x000000072ab00000, 0x000000072d580000, 0x00000007c0000000)
  eden space 33280K, 0% used [0x000000072ab00000,0x000000072ab00000,0x000000072cb80000)
  from space 5120K, 99% used [0x000000072cb80000,0x000000072d07b390,0x000000072d080000)
  to   space 5120K, 0% used [0x000000072d080000,0x000000072d080000,0x000000072d580000)
 ParOldGen       total 1777152K, used 1692037K [0x0000000600000000, 0x000000066c780000, 0x000000072ab00000)
  object space 1777152K, 95% used [0x0000000600000000,0x0000000667461578,0x000000066c780000)
 Metaspace       used 14081K, capacity 14242K, committed 14464K, reserved 1062912K
  class space    used 1608K, capacity 1641K, committed 1664K, reserved 1048576K
Event: 70.769 GC heap after
Heap after GC invocations=2 (full 1):
 PSYoungGen      total 38400K, used 0K [0x000000072ab00000, 0x000000072d580000, 0x00000007c0000000)
  eden space 33280K, 0% used [0x000000072ab00000,0x000000072ab00000,0x000000072cb80000)
  from space 5120K, 0% used [0x000000072cb80000,0x000000072cb80000,0x000000072d080000)
  to   space 5120K, 0% used [0x000000072d080000,0x000000072d080000,0x000000072d580000)
 ParOldGen       total 1777152K, used 1697048K [0x0000000600000000, 0x000000066c780000, 0x000000072ab00000)
  object space 1777152K, 95% used [0x0000000600000000,0x0000000667946130,0x000000066c780000)
 Metaspace       used 14080K, capacity 14240K, committed 14464K, reserved 1062912K
  class space    used 1607K, capacity 1640K, committed 1664K, reserved 1048576K
}
Event: 87.415 GC heap before
{Heap before GC invocations=3 (full 1):
 PSYoungGen      total 38400K, used 4446K [0x000000072ab00000, 0x000000072d580000, 0x00000007c0000000)
  eden space 33280K, 13% used [0x000000072ab00000,0x000000072af57848,0x000000072cb80000)
  from space 5120K, 0% used [0x000000072cb80000,0x000000072cb80000,0x000000072d080000)
  to   space 5120K, 0% used [0x000000072d080000,0x000000072d080000,0x000000072d580000)
 ParOldGen       total 4029952K, used 3949674K [0x0000000600000000, 0x00000006f5f80000, 0x000000072ab00000)
  object space 4029952K, 98% used [0x0000000600000000,0x00000006f111a850,0x00000006f5f80000)
 Metaspace       used 14256K, capacity 14432K, committed 14592K, reserved 1062912K
  class space    used 1633K, capacity 1704K, committed 1792K, reserved 1048576K
Event: 87.433 GC heap after
Heap after GC invocations=3 (full 1):
 PSYoungGen      total 38400K, used 159K [0x000000072ab00000, 0x000000072d580000, 0x00000007c0000000)
  eden space 33280K, 0% used [0x000000072ab00000,0x000000072ab00000,0x000000072cb80000)
  from space 5120K, 3% used [0x000000072d080000,0x000000072d0a7f30,0x000000072d580000)
  to   space 5120K, 0% used [0x000000072cb80000,0x000000072cb80000,0x000000072d080000)
 ParOldGen       total 4029952K, used 3949682K [0x0000000600000000, 0x00000006f5f80000, 0x000000072ab00000)
  object space 4029952K, 98% used [0x0000000600000000,0x00000006f111c850,0x00000006f5f80000)
 Metaspace       used 14256K, capacity 14432K, committed 14592K, reserved 1062912K
  class space    used 1633K, capacity 1704K, committed 1792K, reserved 1048576K
}
Event: 87.433 GC heap before
{Heap before GC invocations=4 (full 2):
 PSYoungGen      total 38400K, used 159K [0x000000072ab00000, 0x000000072d580000, 0x00000007c0000000)
  eden space 33280K, 0% used [0x000000072ab00000,0x000000072ab00000,0x000000072cb80000)
  from space 5120K, 3% used [0x000000072d080000,0x000000072d0a7f30,0x000000072d580000)
  to   space 5120K, 0% used [0x000000072cb80000,0x000000072cb80000,0x000000072d080000)
 ParOldGen       total 4029952K, used 3949682K [0x0000000600000000, 0x00000006f5f80000, 0x000000072ab00000)
  object space 4029952K, 98% used [0x0000000600000000,0x00000006f111c850,0x00000006f5f80000)
 Metaspace       used 14256K, capacity 14432K, committed 14592K, reserved 1062912K
  class space    used 1633K, capacity 1704K, committed 1792K, reserved 1048576K
Event: 88.682 GC heap after
Heap after GC invocations=4 (full 2):
 PSYoungGen      total 38400K, used 0K [0x000000072ab00000, 0x000000072d580000, 0x00000007c0000000)
  eden space 33280K, 0% used [0x000000072ab00000,0x000000072ab00000,0x000000072cb80000)
  from space 5120K, 0% used [0x000000072d080000,0x000000072d080000,0x000000072d580000)
  to   space 5120K, 0% used [0x000000072cb80000,0x000000072cb80000,0x000000072d080000)
 ParOldGen       total 4029952K, used 3384983K [0x0000000600000000, 0x00000006f5f80000, 0x000000072ab00000)
  object space 4029952K, 83% used [0x0000000600000000,0x00000006ce9a5dd8,0x00000006f5f80000)
 Metaspace       used 14256K, capacity 14432K, committed 14592K, reserved 1062912K
  class space    used 1633K, capacity 1704K, committed 1792K, reserved 1048576K
}
Event: 91.926 GC heap before
{Heap before GC invocations=5 (full 2):
 PSYoungGen      total 38400K, used 1806K [0x000000072ab00000, 0x000000072d580000, 0x00000007c0000000)
  eden space 33280K, 5% used [0x000000072ab00000,0x000000072acc3950,0x000000072cb80000)
  from space 5120K, 0% used [0x000000072d080000,0x000000072d080000,0x000000072d580000)
  to   space 5120K, 0% used [0x000000072cb80000,0x000000072cb80000,0x000000072d080000)
 ParOldGen       total 4029952K, used 3384983K [0x0000000600000000, 0x00000006f5f80000, 0x000000072ab00000)
  object space 4029952K, 83% used [0x0000000600000000,0x00000006ce9a5dd8,0x00000006f5f80000)
 Metaspace       used 14257K, capacity 14432K, committed 14592K, reserved 1062912K
  class space    used 1633K, capacity 1704K, committed 1792K, reserved 1048576K
Event: 91.959 GC heap after
Heap after GC invocations=5 (full 2):
 PSYoungGen      total 38400K, used 64K [0x000000072ab00000, 0x000000072d580000, 0x00000007c0000000)
  eden space 33280K, 0% used [0x000000072ab00000,0x000000072ab00000,0x000000072cb80000)
  from space 5120K, 1% used [0x000000072cb80000,0x000000072cb90000,0x000000072d080000)
  to   space 5120K, 0% used [0x000000072d080000,0x000000072d080000,0x000000072d580000)
 ParOldGen       total 4029952K, used 3384983K [0x0000000600000000, 0x00000006f5f80000, 0x000000072ab00000)
  object space 4029952K, 83% used [0x0000000600000000,0x00000006ce9a5dd8,0x00000006f5f80000)
 Metaspace       used 14257K, capacity 14432K, committed 14592K, reserved 1062912K
  class space    used 1633K, capacity 1704K, committed 1792K, reserved 1048576K
}
Event: 91.960 GC heap before
{Heap before GC invocations=6 (full 3):
 PSYoungGen      total 38400K, used 64K [0x000000072ab00000, 0x000000072d580000, 0x00000007c0000000)
  eden space 33280K, 0% used [0x000000072ab00000,0x000000072ab00000,0x000000072cb80000)
  from space 5120K, 1% used [0x000000072cb80000,0x000000072cb90000,0x000000072d080000)
  to   space 5120K, 0% used [0x000000072d080000,0x000000072d080000,0x000000072d580000)
 ParOldGen       total 4029952K, used 3384983K [0x0000000600000000, 0x00000006f5f80000, 0x000000072ab00000)
  object space 4029952K, 83% used [0x0000000600000000,0x00000006ce9a5dd8,0x00000006f5f80000)
 Metaspace       used 14257K, capacity 14432K, committed 14592K, reserved 1062912K
  class space    used 1633K, capacity 1704K, committed 1792K, reserved 1048576K
Event: 92.947 GC heap after
Heap after GC invocations=6 (full 3):
 PSYoungGen      total 38400K, used 0K [0x000000072ab00000, 0x000000072d580000, 0x00000007c0000000)
  eden space 33280K, 0% used [0x000000072ab00000,0x000000072ab00000,0x000000072cb80000)
  from space 5120K, 0% used [0x000000072cb80000,0x000000072cb80000,0x000000072d080000)
  to   space 5120K, 0% used [0x000000072d080000,0x000000072d080000,0x000000072d580000)
 ParOldGen       total 4029952K, used 3384927K [0x0000000600000000, 0x00000006f5f80000, 0x000000072ab00000)
  object space 4029952K, 83% used [0x0000000600000000,0x00000006ce997e98,0x00000006f5f80000)
 Metaspace       used 14257K, capacity 14432K, committed 14592K, reserved 1062912K
  class space    used 1633K, capacity 1704K, committed 1792K, reserved 1048576K
}

Deoptimization events (7 events):
Event: 17.066 Thread 0x00007fba52499000 Uncommon trap: reason=class_check action=maybe_recompile pc=0x000000010e842f04 method=java.lang.String.equals(Ljava/lang/Object;)Z @ 8
Event: 17.066 Thread 0x00007fba52499000 Uncommon trap: reason=class_check action=maybe_recompile pc=0x000000010e842f04 method=java.lang.String.equals(Ljava/lang/Object;)Z @ 8
Event: 17.066 Thread 0x00007fba52499000 Uncommon trap: reason=class_check action=maybe_recompile pc=0x000000010e842f04 method=java.lang.String.equals(Ljava/lang/Object;)Z @ 8
Event: 17.066 Thread 0x00007fba52499000 Uncommon trap: reason=class_check action=maybe_recompile pc=0x000000010e842f04 method=java.lang.String.equals(Ljava/lang/Object;)Z @ 8
Event: 58.758 Thread 0x00007fba52c6a000 Uncommon trap: reason=unloaded action=reinterpret pc=0x000000010e8c03dc method=ij.gui.NewImage.createByteImage(Ljava/lang/String;IIII)Lij/ImagePlus; @ 205
Event: 60.630 Thread 0x00007fba52c6a000 Uncommon trap: reason=unloaded action=reinterpret pc=0x000000010eab9e88 method=ij.gui.NewImage.createByteImage(Ljava/lang/String;IIII)Lij/ImagePlus; @ 205
Event: 97.926 Thread 0x00007fba52c6a000 Uncommon trap: reason=unreached action=reinterpret pc=0x000000010eb2690c method=sun.awt.PostEventQueue.flush()V @ 23

Internal exceptions (10 events):
Event: 70.773 Thread 0x00007fba5204b800 Exception <a 'java/lang/NullPointerException'> (0x000000072ac1b7c0) thrown at [/HUDSON3/workspace/8-2-build-macosx-x86_64/jdk8u25/1514/hotspot/src/share/vm/interpreter/linkResolver.cpp, line 1178]
Event: 70.773 Thread 0x00007fba5204b800 Exception <a 'java/lang/NullPointerException'> (0x000000072ac1b970) thrown at [/HUDSON3/workspace/8-2-build-macosx-x86_64/jdk8u25/1514/hotspot/src/share/vm/interpreter/linkResolver.cpp, line 1178]
Event: 70.774 Thread 0x00007fba5204b800 Exception <a 'java/lang/NullPointerException'> (0x000000072ac1bb20) thrown at [/HUDSON3/workspace/8-2-build-macosx-x86_64/jdk8u25/1514/hotspot/src/share/vm/interpreter/linkResolver.cpp, line 1178]
Event: 82.804 Thread 0x00007fba52c6a000 Exception <a 'java/security/PrivilegedActionException'> (0x000000072adbfdc8) thrown at [/HUDSON3/workspace/8-2-build-macosx-x86_64/jdk8u25/1514/hotspot/src/share/vm/prims/jvm.cpp, line 1312]
Event: 82.844 Thread 0x00007fba52c6a000 Exception <a 'java/security/PrivilegedActionException'> (0x000000072adcd118) thrown at [/HUDSON3/workspace/8-2-build-macosx-x86_64/jdk8u25/1514/hotspot/src/share/vm/prims/jvm.cpp, line 1312]
Event: 82.875 Thread 0x00007fba52c6a000 Exception <a 'java/security/PrivilegedActionException'> (0x000000072aded9b8) thrown at [/HUDSON3/workspace/8-2-build-macosx-x86_64/jdk8u25/1514/hotspot/src/share/vm/prims/jvm.cpp, line 1312]
Event: 82.895 Thread 0x00007fba52c6a000 Exception <a 'java/security/PrivilegedActionException'> (0x000000072adf1230) thrown at [/HUDSON3/workspace/8-2-build-macosx-x86_64/jdk8u25/1514/hotspot/src/share/vm/prims/jvm.cpp, line 1312]
Event: 93.086 Thread 0x00007fba52c6a000 Exception <a 'java/security/PrivilegedActionException'> (0x000000072ab7aba8) thrown at [/HUDSON3/workspace/8-2-build-macosx-x86_64/jdk8u25/1514/hotspot/src/share/vm/prims/jvm.cpp, line 1312]
Event: 93.281 Thread 0x00007fba5225d800 Exception <a 'java/security/PrivilegedActionException'> (0x000000072ab09cf8) thrown at [/HUDSON3/workspace/8-2-build-macosx-x86_64/jdk8u25/1514/hotspot/src/share/vm/prims/jvm.cpp, line 1312]
Event: 94.912 Thread 0x00007fba5225d800 Exception <a 'java/security/PrivilegedActionException'> (0x000000072ab13598) thrown at [/HUDSON3/workspace/8-2-build-macosx-x86_64/jdk8u25/1514/hotspot/src/share/vm/prims/jvm.cpp, line 1312]

Events (10 events):
Event: 97.965 Executing VM operation: RevokeBias done
Event: 97.965 Executing VM operation: RevokeBias
Event: 97.966 Executing VM operation: RevokeBias done
Event: 97.966 Executing VM operation: RevokeBias
Event: 97.966 Executing VM operation: RevokeBias done
Event: 97.966 Executing VM operation: RevokeBias
Event: 97.966 Executing VM operation: RevokeBias done
Event: 97.966 Executing VM operation: RevokeBias
Event: 97.966 Executing VM operation: RevokeBias done
Event: 97.967 Thread 0x00007fba52c6a000 Thread exited: 0x00007fba52c6a000


Dynamic libraries:
0x000000000b5be000 	/System/Library/Frameworks/Cocoa.framework/Versions/A/Cocoa
0x000000000b5be000 	/System/Library/Frameworks/Security.framework/Versions/A/Security
0x000000000b5be000 	/System/Library/Frameworks/ApplicationServices.framework/Versions/A/ApplicationServices
0x000000000b5be000 	/usr/lib/libz.1.dylib
0x000000000b5be000 	/usr/lib/libSystem.B.dylib
0x000000000b5be000 	/usr/lib/libobjc.A.dylib
0x000000000b5be000 	/System/Library/Frameworks/CoreFoundation.framework/Versions/A/CoreFoundation
0x000000000b5be000 	/System/Library/Frameworks/Foundation.framework/Versions/C/Foundation
0x000000000b5be000 	/System/Library/Frameworks/AppKit.framework/Versions/C/AppKit
0x000000000b5be000 	/System/Library/Frameworks/CoreData.framework/Versions/A/CoreData
0x000000000b5be000 	/System/Library/PrivateFrameworks/RemoteViewServices.framework/Versions/A/RemoteViewServices
0x000000000b5be000 	/System/Library/PrivateFrameworks/UIFoundation.framework/Versions/A/UIFoundation
0x000000000b5be000 	/System/Library/Frameworks/IOSurface.framework/Versions/A/IOSurface
0x000000000b5be000 	/System/Library/Frameworks/AudioToolbox.framework/Versions/A/AudioToolbox
0x000000000b5be000 	/System/Library/Frameworks/AudioUnit.framework/Versions/A/AudioUnit
0x000000000b5be000 	/System/Library/PrivateFrameworks/DataDetectorsCore.framework/Versions/A/DataDetectorsCore
0x000000000b5be000 	/System/Library/PrivateFrameworks/DesktopServicesPriv.framework/Versions/A/DesktopServicesPriv
0x000000000b5be000 	/System/Library/Frameworks/Carbon.framework/Versions/A/Frameworks/HIToolbox.framework/Versions/A/HIToolbox
0x000000000b5be000 	/System/Library/Frameworks/QuartzCore.framework/Versions/A/QuartzCore
0x000000000b5be000 	/System/Library/Frameworks/Carbon.framework/Versions/A/Frameworks/SpeechRecognition.framework/Versions/A/SpeechRecognition
0x000000000b5be000 	/usr/lib/libauto.dylib
0x000000000b5be000 	/usr/lib/libicucore.A.dylib
0x000000000b5be000 	/usr/lib/libxml2.2.dylib
0x000000000b5be000 	/System/Library/PrivateFrameworks/CoreUI.framework/Versions/A/CoreUI
0x000000000b5be000 	/System/Library/Frameworks/CoreAudio.framework/Versions/A/CoreAudio
0x000000000b5be000 	/System/Library/Frameworks/DiskArbitration.framework/Versions/A/DiskArbitration
0x000000000b5be000 	/usr/lib/liblangid.dylib
0x000000000b5be000 	/System/Library/PrivateFrameworks/MultitouchSupport.framework/Versions/A/MultitouchSupport
0x000000000b5be000 	/System/Library/Frameworks/IOKit.framework/Versions/A/IOKit
0x000000000b5be000 	/usr/lib/libDiagnosticMessagesClient.dylib
0x000000000b5be000 	/System/Library/Frameworks/CoreServices.framework/Versions/A/CoreServices
0x000000000b5be000 	/System/Library/PrivateFrameworks/PerformanceAnalysis.framework/Versions/A/PerformanceAnalysis
0x000000000b5be000 	/System/Library/PrivateFrameworks/GenerationalStorage.framework/Versions/A/GenerationalStorage
0x000000000b5be000 	/System/Library/Frameworks/OpenGL.framework/Versions/A/OpenGL
0x000000000b5be000 	/System/Library/PrivateFrameworks/Sharing.framework/Versions/A/Sharing
0x000000000b5be000 	/System/Library/Frameworks/CoreGraphics.framework/Versions/A/CoreGraphics
0x000000000b5be000 	/System/Library/Frameworks/CoreText.framework/Versions/A/CoreText
0x000000000b5be000 	/System/Library/Frameworks/ImageIO.framework/Versions/A/ImageIO
0x000000000b5be000 	/usr/lib/libextension.dylib
0x000000000b5be000 	/System/Library/PrivateFrameworks/Backup.framework/Versions/A/Backup
0x000000000b5be000 	/usr/lib/libarchive.2.dylib
0x000000000b5be000 	/System/Library/Frameworks/CFNetwork.framework/Versions/A/CFNetwork
0x000000000b5be000 	/System/Library/Frameworks/SystemConfiguration.framework/Versions/A/SystemConfiguration
0x000000000b5be000 	/usr/lib/libCRFSuite.dylib
0x000000000b5be000 	/usr/lib/libc++.1.dylib
0x000000000b5be000 	/usr/lib/libc++abi.dylib
0x000000000b5be000 	/usr/lib/system/libcache.dylib
0x000000000b5be000 	/usr/lib/system/libcommonCrypto.dylib
0x000000000b5be000 	/usr/lib/system/libcompiler_rt.dylib
0x000000000b5be000 	/usr/lib/system/libcopyfile.dylib
0x000000000b5be000 	/usr/lib/system/libcorecrypto.dylib
0x000000000b5be000 	/usr/lib/system/libdispatch.dylib
0x000000000b5be000 	/usr/lib/system/libdyld.dylib
0x000000000b5be000 	/usr/lib/system/libkeymgr.dylib
0x000000000b5be000 	/usr/lib/system/liblaunch.dylib
0x000000000b5be000 	/usr/lib/system/libmacho.dylib
0x000000000b5be000 	/usr/lib/system/libquarantine.dylib
0x000000000b5be000 	/usr/lib/system/libremovefile.dylib
0x000000000b5be000 	/usr/lib/system/libsystem_asl.dylib
0x000000000b5be000 	/usr/lib/system/libsystem_blocks.dylib
0x000000000b5be000 	/usr/lib/system/libsystem_c.dylib
0x000000000b5be000 	/usr/lib/system/libsystem_configuration.dylib
0x000000000b5be000 	/usr/lib/system/libsystem_coreservices.dylib
0x000000000b5be000 	/usr/lib/system/libsystem_coretls.dylib
0x000000000b5be000 	/usr/lib/system/libsystem_dnssd.dylib
0x000000000b5be000 	/usr/lib/system/libsystem_info.dylib
0x000000000b5be000 	/usr/lib/system/libsystem_kernel.dylib
0x000000000b5be000 	/usr/lib/system/libsystem_m.dylib
0x000000000b5be000 	/usr/lib/system/libsystem_malloc.dylib
0x000000000b5be000 	/usr/lib/system/libsystem_network.dylib
0x000000000b5be000 	/usr/lib/system/libsystem_networkextension.dylib
0x000000000b5be000 	/usr/lib/system/libsystem_notify.dylib
0x000000000b5be000 	/usr/lib/system/libsystem_platform.dylib
0x000000000b5be000 	/usr/lib/system/libsystem_pthread.dylib
0x000000000b5be000 	/usr/lib/system/libsystem_sandbox.dylib
0x000000000b5be000 	/usr/lib/system/libsystem_secinit.dylib
0x000000000b5be000 	/usr/lib/system/libsystem_stats.dylib
0x000000000b5be000 	/usr/lib/system/libsystem_trace.dylib
0x000000000b5be000 	/usr/lib/system/libunc.dylib
0x000000000b5be000 	/usr/lib/system/libunwind.dylib
0x000000000b5be000 	/usr/lib/system/libxpc.dylib
0x000000000b5be000 	/usr/lib/libbz2.1.0.dylib
0x000000000b5be000 	/usr/lib/liblzma.5.dylib
0x000000000b5be000 	/usr/lib/libbsm.0.dylib
0x000000000b5be000 	/usr/lib/libsqlite3.dylib
0x000000000b5be000 	/usr/lib/system/libkxld.dylib
0x000000000b5be000 	/usr/lib/libxar.1.dylib
0x000000000b5be000 	/usr/lib/libpam.2.dylib
0x000000000b5be000 	/usr/lib/libOpenScriptingUtil.dylib
0x000000000b5be000 	/System/Library/Frameworks/CoreServices.framework/Versions/A/Frameworks/FSEvents.framework/Versions/A/FSEvents
0x000000000b5be000 	/System/Library/Frameworks/CoreServices.framework/Versions/A/Frameworks/CarbonCore.framework/Versions/A/CarbonCore
0x000000000b5be000 	/System/Library/Frameworks/CoreServices.framework/Versions/A/Frameworks/Metadata.framework/Versions/A/Metadata
0x000000000b5be000 	/System/Library/Frameworks/CoreServices.framework/Versions/A/Frameworks/OSServices.framework/Versions/A/OSServices
0x000000000b5be000 	/System/Library/Frameworks/CoreServices.framework/Versions/A/Frameworks/SearchKit.framework/Versions/A/SearchKit
0x000000000b5be000 	/System/Library/Frameworks/CoreServices.framework/Versions/A/Frameworks/AE.framework/Versions/A/AE
0x000000000b5be000 	/System/Library/Frameworks/CoreServices.framework/Versions/A/Frameworks/LaunchServices.framework/Versions/A/LaunchServices
0x000000000b5be000 	/System/Library/Frameworks/CoreServices.framework/Versions/A/Frameworks/DictionaryServices.framework/Versions/A/DictionaryServices
0x000000000b5be000 	/System/Library/Frameworks/NetFS.framework/Versions/A/NetFS
0x000000000b5be000 	/System/Library/PrivateFrameworks/NetAuth.framework/Versions/A/NetAuth
0x000000000b5be000 	/System/Library/PrivateFrameworks/login.framework/Versions/A/Frameworks/loginsupport.framework/Versions/A/loginsupport
0x000000000b5be000 	/System/Library/PrivateFrameworks/TCC.framework/Versions/A/TCC
0x000000000b5be000 	/usr/lib/libmecabra.dylib
0x000000000b5be000 	/System/Library/Frameworks/ApplicationServices.framework/Versions/A/Frameworks/ATS.framework/Versions/A/ATS
0x000000000b5be000 	/System/Library/Frameworks/ApplicationServices.framework/Versions/A/Frameworks/ColorSync.framework/Versions/A/ColorSync
0x000000000b5be000 	/System/Library/Frameworks/ApplicationServices.framework/Versions/A/Frameworks/HIServices.framework/Versions/A/HIServices
0x000000000b5be000 	/System/Library/Frameworks/ApplicationServices.framework/Versions/A/Frameworks/LangAnalysis.framework/Versions/A/LangAnalysis
0x000000000b5be000 	/System/Library/Frameworks/ApplicationServices.framework/Versions/A/Frameworks/PrintCore.framework/Versions/A/PrintCore
0x000000000b5be000 	/System/Library/Frameworks/ApplicationServices.framework/Versions/A/Frameworks/QD.framework/Versions/A/QD
0x000000000b5be000 	/System/Library/Frameworks/ApplicationServices.framework/Versions/A/Frameworks/SpeechSynthesis.framework/Versions/A/SpeechSynthesis
0x000000000b5be000 	/System/Library/Frameworks/Accelerate.framework/Versions/A/Accelerate
0x000000000b5be000 	/System/Library/Frameworks/Accelerate.framework/Versions/A/Frameworks/vImage.framework/Versions/A/vImage
0x000000000b5be000 	/System/Library/Frameworks/Accelerate.framework/Versions/A/Frameworks/vecLib.framework/Versions/A/vecLib
0x000000000b5be000 	/System/Library/Frameworks/Accelerate.framework/Versions/A/Frameworks/vecLib.framework/Versions/A/libvDSP.dylib
0x000000000b5be000 	/System/Library/Frameworks/Accelerate.framework/Versions/A/Frameworks/vecLib.framework/Versions/A/libvMisc.dylib
0x000000000b5be000 	/System/Library/Frameworks/Accelerate.framework/Versions/A/Frameworks/vecLib.framework/Versions/A/libLAPACK.dylib
0x000000000b5be000 	/System/Library/Frameworks/Accelerate.framework/Versions/A/Frameworks/vecLib.framework/Versions/A/libBLAS.dylib
0x000000000b5be000 	/System/Library/Frameworks/Accelerate.framework/Versions/A/Frameworks/vecLib.framework/Versions/A/libLinearAlgebra.dylib
0x000000000b5be000 	/System/Library/Frameworks/ApplicationServices.framework/Versions/A/Frameworks/ATS.framework/Versions/A/Resources/libFontParser.dylib
0x000000000b5be000 	/System/Library/Frameworks/ApplicationServices.framework/Versions/A/Frameworks/ATS.framework/Versions/A/Resources/libFontRegistry.dylib
0x000000000b5be000 	/System/Library/PrivateFrameworks/AppleVPA.framework/Versions/A/AppleVPA
0x000000000b5be000 	/System/Library/PrivateFrameworks/AppleJPEG.framework/Versions/A/AppleJPEG
0x000000000b5be000 	/System/Library/Frameworks/ImageIO.framework/Versions/A/Resources/libJPEG.dylib
0x000000000b5be000 	/System/Library/Frameworks/ImageIO.framework/Versions/A/Resources/libTIFF.dylib
0x000000000b5be000 	/System/Library/Frameworks/ImageIO.framework/Versions/A/Resources/libPng.dylib
0x000000000b5be000 	/System/Library/Frameworks/ImageIO.framework/Versions/A/Resources/libGIF.dylib
0x000000000b5be000 	/System/Library/Frameworks/ImageIO.framework/Versions/A/Resources/libJP2.dylib
0x000000000b5be000 	/System/Library/Frameworks/ImageIO.framework/Versions/A/Resources/libRadiance.dylib
0x000000000b5be000 	/System/Library/Frameworks/CoreVideo.framework/Versions/A/CoreVideo
0x000000000b5be000 	/System/Library/Frameworks/OpenGL.framework/Versions/A/Libraries/libGLU.dylib
0x000000000b5be000 	/System/Library/Frameworks/OpenGL.framework/Versions/A/Libraries/libGFXShared.dylib
0x000000000b5be000 	/System/Library/Frameworks/OpenGL.framework/Versions/A/Libraries/libGL.dylib
0x000000000b5be000 	/System/Library/Frameworks/OpenGL.framework/Versions/A/Libraries/libGLImage.dylib
0x000000000b5be000 	/System/Library/Frameworks/OpenGL.framework/Versions/A/Libraries/libCVMSPluginSupport.dylib
0x000000000b5be000 	/System/Library/Frameworks/OpenGL.framework/Versions/A/Libraries/libCoreVMClient.dylib
0x000000000b5be000 	/usr/lib/libcups.2.dylib
0x000000000b5be000 	/System/Library/Frameworks/Kerberos.framework/Versions/A/Kerberos
0x000000000b5be000 	/System/Library/Frameworks/GSS.framework/Versions/A/GSS
0x000000000b5be000 	/usr/lib/libresolv.9.dylib
0x000000000b5be000 	/usr/lib/libiconv.2.dylib
0x000000000b5be000 	/System/Library/PrivateFrameworks/Heimdal.framework/Versions/A/Heimdal
0x000000000b5be000 	/usr/lib/libheimdal-asn1.dylib
0x000000000b5be000 	/System/Library/Frameworks/OpenDirectory.framework/Versions/A/OpenDirectory
0x000000000b5be000 	/System/Library/PrivateFrameworks/CommonAuth.framework/Versions/A/CommonAuth
0x000000000b5be000 	/System/Library/Frameworks/OpenDirectory.framework/Versions/A/Frameworks/CFOpenDirectory.framework/Versions/A/CFOpenDirectory
0x000000000b5be000 	/System/Library/Frameworks/SecurityFoundation.framework/Versions/A/SecurityFoundation
0x000000000b5be000 	/System/Library/PrivateFrameworks/LanguageModeling.framework/Versions/A/LanguageModeling
0x000000000b5be000 	/usr/lib/libcmph.dylib
0x000000000b5be000 	/System/Library/Frameworks/ServiceManagement.framework/Versions/A/ServiceManagement
0x000000000b5be000 	/usr/lib/libxslt.1.dylib
0x000000000b5be000 	/System/Library/Frameworks/Carbon.framework/Versions/A/Frameworks/Ink.framework/Versions/A/Ink
0x000000000b5be000 	/System/Library/Frameworks/QuartzCore.framework/Versions/A/Frameworks/CoreImage.framework/Versions/A/CoreImage
0x000000000b5be000 	/System/Library/PrivateFrameworks/CrashReporterSupport.framework/Versions/A/CrashReporterSupport
0x000000000b5be000 	/System/Library/Frameworks/OpenCL.framework/Versions/A/OpenCL
0x000000000b5be000 	/System/Library/PrivateFrameworks/FaceCore.framework/Versions/A/FaceCore
0x000000000b5be000 	/System/Library/PrivateFrameworks/Ubiquity.framework/Versions/A/Ubiquity
0x000000000b5be000 	/System/Library/PrivateFrameworks/IconServices.framework/Versions/A/IconServices
0x000000000b5be000 	/System/Library/PrivateFrameworks/ChunkingLibrary.framework/Versions/A/ChunkingLibrary
0x000000000b5be000 	/System/Library/PrivateFrameworks/Apple80211.framework/Versions/A/Apple80211
0x000000000b5be000 	/System/Library/Frameworks/CoreWLAN.framework/Versions/A/CoreWLAN
0x000000000b5be000 	/System/Library/Frameworks/IOBluetooth.framework/Versions/A/IOBluetooth
0x000000000b5be000 	/System/Library/PrivateFrameworks/CoreWiFi.framework/Versions/A/CoreWiFi
0x000000000b5be000 	/System/Library/Frameworks/CoreBluetooth.framework/Versions/A/CoreBluetooth
0x000000000b5be000 	/System/Library/PrivateFrameworks/DebugSymbols.framework/Versions/A/DebugSymbols
0x000000000b5be000 	/System/Library/PrivateFrameworks/CoreSymbolication.framework/Versions/A/CoreSymbolication
0x000000000b5be000 	/System/Library/PrivateFrameworks/Symbolication.framework/Versions/A/Symbolication
0x000000000b5be000 	/System/Library/PrivateFrameworks/SpeechRecognitionCore.framework/Versions/A/SpeechRecognitionCore
0x000000010d613000 	/Library/Java/JavaVirtualMachines/jdk1.8.0_25.jdk/Contents/Home/jre/lib/server/libjvm.dylib
0x000000000b5be000 	/usr/lib/libstdc++.6.dylib
0x000000010e632000 	/Library/Java/JavaVirtualMachines/jdk1.8.0_25.jdk/Contents/Home/jre/lib/libverify.dylib
0x000000010e640000 	/Library/Java/JavaVirtualMachines/jdk1.8.0_25.jdk/Contents/Home/jre/lib/libjava.dylib
0x000000010e67c000 	/Library/Java/JavaVirtualMachines/jdk1.8.0_25.jdk/Contents/Home/jre/lib/libzip.dylib
0x000000012f99a000 	/System/Library/Frameworks/JavaVM.framework/Frameworks/JavaRuntimeSupport.framework/JavaRuntimeSupport
0x000000012f9b2000 	/System/Library/Frameworks/JavaVM.framework/Versions/A/Frameworks/JavaNativeFoundation.framework/Versions/A/JavaNativeFoundation
0x000000012f9c7000 	/System/Library/Frameworks/JavaVM.framework/Versions/A/JavaVM
0x000000000b5be000 	/System/Library/Frameworks/Carbon.framework/Versions/A/Carbon
0x000000012f9d4000 	/System/Library/PrivateFrameworks/JavaLaunching.framework/Versions/A/JavaLaunching
0x000000000b5be000 	/System/Library/Frameworks/Carbon.framework/Versions/A/Frameworks/CommonPanels.framework/Versions/A/CommonPanels
0x000000000b5be000 	/System/Library/Frameworks/Carbon.framework/Versions/A/Frameworks/Help.framework/Versions/A/Help
0x000000000b5be000 	/System/Library/Frameworks/Carbon.framework/Versions/A/Frameworks/ImageCapture.framework/Versions/A/ImageCapture
0x000000000b5be000 	/System/Library/Frameworks/Carbon.framework/Versions/A/Frameworks/OpenScripting.framework/Versions/A/OpenScripting
0x000000000b5be000 	/System/Library/Frameworks/Carbon.framework/Versions/A/Frameworks/Print.framework/Versions/A/Print
0x000000000b5be000 	/System/Library/Frameworks/Carbon.framework/Versions/A/Frameworks/SecurityHI.framework/Versions/A/SecurityHI
0x000000013176c000 	/Library/Java/JavaVirtualMachines/jdk1.8.0_25.jdk/Contents/Home/jre/lib/libawt.dylib
0x000000013181b000 	/Library/Java/JavaVirtualMachines/jdk1.8.0_25.jdk/Contents/Home/jre/lib/./libmlib_image.dylib
0x00000001318e7000 	/Library/Java/JavaVirtualMachines/jdk1.8.0_25.jdk/Contents/Home/jre/lib/libawt_lwawt.dylib
0x000000013199a000 	/Library/Java/JavaVirtualMachines/jdk1.8.0_25.jdk/Contents/Home/jre/lib/./libosxapp.dylib
0x000000000b5be000 	/System/Library/Frameworks/ExceptionHandling.framework/Versions/A/ExceptionHandling
0x000000000b5be000 	/System/Library/PrivateFrameworks/CoreServicesInternal.framework/Versions/A/CoreServicesInternal
0x000000000b5be000 	/System/Library/PrivateFrameworks/CloudDocs.framework/Versions/A/CloudDocs
0x000000000b5be000 	/System/Library/PrivateFrameworks/CoreDuet.framework/Versions/A/CoreDuet
0x000000000b5be000 	/System/Library/Frameworks/CloudKit.framework/Versions/A/CloudKit
0x000000000b5be000 	/System/Library/PrivateFrameworks/ProtocolBuffer.framework/Versions/A/ProtocolBuffer
0x000000000b5be000 	/System/Library/PrivateFrameworks/CoreDuetDaemonProtocol.framework/Versions/A/CoreDuetDaemonProtocol
0x000000000b5be000 	/System/Library/PrivateFrameworks/CoreDuetDebugLogging.framework/Versions/A/CoreDuetDebugLogging
0x000000000b5be000 	/System/Library/Frameworks/CoreLocation.framework/Versions/A/CoreLocation
0x000000000b5be000 	/System/Library/Frameworks/Accounts.framework/Versions/A/Accounts
0x000000000b5be000 	/System/Library/PrivateFrameworks/ApplePushService.framework/Versions/A/ApplePushService
0x000000000b5be000 	/System/Library/PrivateFrameworks/GeoServices.framework/Versions/A/GeoServices
0x000000000b5be000 	/System/Library/PrivateFrameworks/OAuth.framework/Versions/A/OAuth
0x000000000b5be000 	/System/Library/PrivateFrameworks/CoreDaemon.framework/Versions/B/CoreDaemon
0x000000000b5be000 	/usr/lib/libcrypto.0.9.8.dylib
0x000000000b5be000 	/System/Library/PrivateFrameworks/AppleSRP.framework/Versions/A/AppleSRP
0x000000000b5be000 	/System/Library/PrivateFrameworks/TrustEvaluationAgent.framework/Versions/A/TrustEvaluationAgent
0x000000000b5be000 	/System/Library/Frameworks/CoreGraphics.framework/Versions/A/Resources/libCGCMS.A.dylib
0x000000000b5be000 	/System/Library/Frameworks/CoreGraphics.framework/Versions/A/Resources/libRIP.A.dylib
0x000000000b5be000 	/System/Library/Frameworks/CoreGraphics.framework/Versions/A/Resources/libCGXType.A.dylib
0x000000000b5be000 	/System/Library/Frameworks/OpenCL.framework/Versions/A/Libraries/libcldcpuengine.dylib
0x000000000b5be000 	/System/Library/PrivateFrameworks/DiskImages.framework/Versions/A/DiskImages
0x000000000b5be000 	/System/Library/Frameworks/DiscRecording.framework/Versions/A/DiscRecording
0x000000000b5be000 	/usr/lib/libcsfde.dylib
0x000000000b5be000 	/usr/lib/libcurl.4.dylib
0x000000000b5be000 	/System/Library/PrivateFrameworks/MediaKit.framework/Versions/A/MediaKit
0x000000000b5be000 	/System/Library/PrivateFrameworks/ProtectedCloudStorage.framework/Versions/A/ProtectedCloudStorage
0x000000000b5be000 	/usr/lib/libCoreStorage.dylib
0x000000000b5be000 	/System/Library/PrivateFrameworks/EFILogin.framework/Versions/A/EFILogin
0x000000000b5be000 	/usr/lib/libutil.dylib
0x000000000b5be000 	/System/Library/PrivateFrameworks/FindMyDevice.framework/Versions/A/FindMyDevice
0x000000000b5be000 	/System/Library/Frameworks/LDAP.framework/Versions/A/LDAP
0x000000000b5be000 	/usr/lib/libsasl2.2.dylib
0x00000001348f1000 	cl_kernels
0x00000001348f3000 	/System/Library/Frameworks/OpenCL.framework/Versions/A/Libraries/ImageFormats/unorm8_bgra.dylib
0x00000001348e2000 	cl_kernels
0x00000001348e7000 	cl_kernels
0x00000001348eb000 	cl_kernels
0x000000000b5be000 	/System/Library/PrivateFrameworks/FamilyControls.framework/Versions/A/FamilyControls
0x000000000b5be000 	/System/Library/PrivateFrameworks/CommerceKit.framework/Versions/A/Frameworks/CommerceCore.framework/Versions/A/CommerceCore
0x000000000b5be000 	/System/Library/PrivateFrameworks/SystemAdministration.framework/Versions/A/SystemAdministration
0x000000000b5be000 	/System/Library/PrivateFrameworks/AppContainer.framework/Versions/A/AppContainer
0x000000000b5be000 	/System/Library/PrivateFrameworks/SecCodeWrapper.framework/Versions/A/SecCodeWrapper
0x000000000b5be000 	/System/Library/Frameworks/DirectoryService.framework/Versions/A/DirectoryService
0x000000000b5be000 	/System/Library/PrivateFrameworks/LoginUIKit.framework/Versions/A/Frameworks/LoginUICore.framework/Versions/A/LoginUICore
0x000000000b5be000 	/usr/lib/libodfde.dylib
0x000000000b5be000 	/System/Library/Frameworks/OpenGL.framework/Versions/A/Resources/GLEngine.bundle/GLEngine
0x000000000b5be000 	/System/Library/Frameworks/OpenGL.framework/Versions/A/Libraries/libGLProgrammability.dylib
0x0000000000000000 	/System/Library/Extensions/GeForceTeslaGLDriver.bundle/Contents/MacOS/GeForceTeslaGLDriver
0x0000000135c3c000 	/System/Library/Extensions/GeForceTeslaGLDriver.bundle/Contents/MacOS/libclh.dylib
0x0000000133e2f000 	/System/Library/PrivateFrameworks/GPUSupport.framework/Versions/A/Libraries/libGPUSupport.dylib
0x000000000b5be000 	/System/Library/Frameworks/OpenGL.framework/Versions/A/Resources/GLRendererFloat.bundle/GLRendererFloat
0x0000000136ae6000 	/Library/Java/JavaVirtualMachines/jdk1.8.0_25.jdk/Contents/Home/jre/lib/libfontmanager.dylib
0x0000000136b77000 	/Library/Java/JavaVirtualMachines/jdk1.8.0_25.jdk/Contents/Home/jre/lib/libosxui.dylib
0x0000000137dfa000 	/Library/Java/JavaVirtualMachines/jdk1.8.0_25.jdk/Contents/Home/jre/lib/libnet.dylib
0x0000000137e59000 	/Library/Java/JavaVirtualMachines/jdk1.8.0_25.jdk/Contents/Home/jre/lib/libnio.dylib
0x0000000139103000 	/Library/Java/JavaVirtualMachines/jdk1.8.0_25.jdk/Contents/Home/jre/lib/libdcpr.dylib
0x000000000b5be000 	/System/Library/PrivateFrameworks/Shortcut.framework/Versions/A/Shortcut
0x000000000b5be000 	/System/Library/PrivateFrameworks/HelpData.framework/Versions/A/HelpData
0x000000000b5be000 	/usr/lib/libtidy.A.dylib

VM Arguments:
jvm_args: -Xmx7g 
java_command: ij.jar
java_class_path (initial): ij.jar
Launcher Type: SUN_STANDARD

Environment Variables:
PATH=/Library/Frameworks/Python.framework/Versions/2.6/bin:/usr/local/bin:/usr/bin:/bin:/usr/sbin:/sbin:/opt/X11/bin:/usr/local/git/bin
SHELL=/bin/bash
DISPLAY=/private/tmp/com.apple.launchd.dE61Cz723h/org.macosforge.xquartz:0
HOSTTYPE=intel-mac
OSTYPE=darwin
MACHTYPE=x86_64

Signal Handlers:
SIGSEGV: [libjvm.dylib+0x579dc7], sa_mask[0]=11111111011111110111111111111111, sa_flags=SA_ONSTACK|SA_RESTART|SA_SIGINFO
SIGBUS: [libjvm.dylib+0x579dc7], sa_mask[0]=11111111011111110111111111111111, sa_flags=SA_RESTART|SA_SIGINFO
SIGFPE: [libjvm.dylib+0x45b030], sa_mask[0]=11111111011111110111111111111111, sa_flags=SA_RESTART|SA_SIGINFO
SIGPIPE: [libjvm.dylib+0x45b030], sa_mask[0]=11111111011111110111111111111111, sa_flags=SA_RESTART|SA_SIGINFO
SIGXFSZ: [libjvm.dylib+0x45b030], sa_mask[0]=11111111011111110111111111111111, sa_flags=SA_RESTART|SA_SIGINFO
SIGILL: [libjvm.dylib+0x45b030], sa_mask[0]=11111111011111110111111111111111, sa_flags=SA_RESTART|SA_SIGINFO
SIGUSR1: SIG_DFL, sa_mask[0]=11011111011111100000000111000110, sa_flags=none
SIGUSR2: [libjvm.dylib+0x45ab4e], sa_mask[0]=00000000000000000000000000000000, sa_flags=SA_RESTART|SA_SIGINFO
SIGHUP: [libjvm.dylib+0x459121], sa_mask[0]=11111111011111110111111111111111, sa_flags=SA_RESTART|SA_SIGINFO
SIGINT: [libjvm.dylib+0x459121], sa_mask[0]=11111111011111110111111111111111, sa_flags=SA_RESTART|SA_SIGINFO
SIGTERM: [libjvm.dylib+0x459121], sa_mask[0]=11111111011111110111111111111111, sa_flags=SA_RESTART|SA_SIGINFO
SIGQUIT: [libjvm.dylib+0x459121], sa_mask[0]=11111111011111110111111111111111, sa_flags=SA_RESTART|SA_SIGINFO


---------------  S Y S T E M  ---------------

OS:Bsduname:Darwin 14.1.0 Darwin Kernel Version 14.1.0: Thu Feb 26 19:26:47 PST 2015; root:xnu-2782.10.73~1/RELEASE_X86_64 x86_64
rlimit: STACK 8192k, CORE 0k, NPROC 709, NOFILE 10240, AS infinity
load average:1.73 1.86 3.25

CPU:total 2 (2 cores per cpu, 1 threads per core) family 6 model 23 stepping 10, cmov, cx8, fxsr, mmx, sse, sse2, sse3, ssse3, sse4.1, tsc

Memory: 4k page, physical 8388608k(2238296k free)

/proc/meminfo:


vm_info: Java HotSpot(TM) 64-Bit Server VM (25.25-b02) for bsd-amd64 JRE (1.8.0_25-b17), built on Sep 17 2014 16:56:50 by "java_re" with gcc 4.2.1 (Based on Apple Inc. build 5658) (LLVM build 2336.11.00)

time: Mon Mar 23 22:56:09 2015
elapsed time: 98 seconds (0d 0h 1m 38s)

